{"/home/madegryc/Documents/red-tetris/server/game/blockManager.js": {"path":"/home/madegryc/Documents/red-tetris/server/game/blockManager.js","statementMap":{"0":{"start":{"line":1,"column":27},"end":{"line":1,"column":57}},"1":{"start":{"line":2,"column":24},"end":{"line":2,"column":53}},"2":{"start":{"line":3,"column":39},"end":{"line":3,"column":64}},"3":{"start":{"line":4,"column":22},"end":{"line":4,"column":48}},"4":{"start":{"line":5,"column":24},"end":{"line":5,"column":46}},"5":{"start":{"line":8,"column":4},"end":{"line":8,"column":null}},"6":{"start":{"line":8,"column":17},"end":{"line":8,"column":null}},"7":{"start":{"line":10,"column":27},"end":{"line":10,"column":29}},"8":{"start":{"line":12,"column":4},"end":{"line":35,"column":null}},"9":{"start":{"line":13,"column":8},"end":{"line":34,"column":null}},"10":{"start":{"line":14,"column":12},"end":{"line":33,"column":null}},"11":{"start":{"line":15,"column":30},"end":{"line":15,"column":51}},"12":{"start":{"line":16,"column":30},"end":{"line":16,"column":51}},"13":{"start":{"line":17,"column":16},"end":{"line":20,"column":null}},"14":{"start":{"line":18,"column":20},"end":{"line":18,"column":null}},"15":{"start":{"line":19,"column":20},"end":{"line":19,"column":null}},"16":{"start":{"line":22,"column":16},"end":{"line":32,"column":null}},"17":{"start":{"line":23,"column":20},"end":{"line":23,"column":null}},"18":{"start":{"line":24,"column":33},"end":{"line":24,"column":90}},"19":{"start":{"line":25,"column":20},"end":{"line":28,"column":null}},"20":{"start":{"line":26,"column":24},"end":{"line":26,"column":null}},"21":{"start":{"line":27,"column":24},"end":{"line":27,"column":null}},"22":{"start":{"line":29,"column":20},"end":{"line":31,"column":null}},"23":{"start":{"line":30,"column":24},"end":{"line":30,"column":null}},"24":{"start":{"line":36,"column":4},"end":{"line":38,"column":null}},"25":{"start":{"line":37,"column":8},"end":{"line":37,"column":null}},"26":{"start":{"line":42,"column":4},"end":{"line":42,"column":null}},"27":{"start":{"line":42,"column":17},"end":{"line":42,"column":null}},"28":{"start":{"line":44,"column":18},"end":{"line":44,"column":78}},"29":{"start":{"line":44,"column":44},"end":{"line":44,"column":77}},"30":{"start":{"line":44,"column":63},"end":{"line":44,"column":76}},"31":{"start":{"line":45,"column":25},"end":{"line":45,"column":60}},"32":{"start":{"line":46,"column":4},"end":{"line":46,"column":42}},"33":{"start":{"line":47,"column":4},"end":{"line":49,"column":null}},"34":{"start":{"line":47,"column":17},"end":{"line":47,"column":18}},"35":{"start":{"line":48,"column":8},"end":{"line":48,"column":null}},"36":{"start":{"line":50,"column":4},"end":{"line":50,"column":null}},"37":{"start":{"line":51,"column":4},"end":{"line":51,"column":null}},"38":{"start":{"line":52,"column":4},"end":{"line":52,"column":null}},"39":{"start":{"line":53,"column":4},"end":{"line":58,"column":null}},"40":{"start":{"line":54,"column":8},"end":{"line":54,"column":null}},"41":{"start":{"line":55,"column":8},"end":{"line":55,"column":null}},"42":{"start":{"line":56,"column":8},"end":{"line":56,"column":null}},"43":{"start":{"line":57,"column":8},"end":{"line":57,"column":null}},"44":{"start":{"line":62,"column":4},"end":{"line":62,"column":null}},"45":{"start":{"line":62,"column":17},"end":{"line":62,"column":null}},"46":{"start":{"line":64,"column":17},"end":{"line":64,"column":34}},"47":{"start":{"line":65,"column":4},"end":{"line":67,"column":null}},"48":{"start":{"line":66,"column":8},"end":{"line":66,"column":null}},"49":{"start":{"line":69,"column":17},"end":{"line":69,"column":90}},"50":{"start":{"line":69,"column":40},"end":{"line":69,"column":89}},"51":{"start":{"line":69,"column":57},"end":{"line":69,"column":87}},"52":{"start":{"line":70,"column":4},"end":{"line":70,"column":null}},"53":{"start":{"line":72,"column":4},"end":{"line":82,"column":null}},"54":{"start":{"line":72,"column":17},"end":{"line":72,"column":18}},"55":{"start":{"line":73,"column":8},"end":{"line":81,"column":null}},"56":{"start":{"line":73,"column":21},"end":{"line":73,"column":22}},"57":{"start":{"line":74,"column":12},"end":{"line":80,"column":null}},"58":{"start":{"line":75,"column":30},"end":{"line":75,"column":40}},"59":{"start":{"line":76,"column":30},"end":{"line":76,"column":51}},"60":{"start":{"line":77,"column":16},"end":{"line":79,"column":null}},"61":{"start":{"line":78,"column":20},"end":{"line":78,"column":null}},"62":{"start":{"line":85,"column":0},"end":{"line":85,"column":null}}},"fnMap":{"0":{"name":"fixBlock","decl":{"start":{"line":7,"column":9},"end":{"line":7,"column":17}},"loc":{"start":{"line":7,"column":34},"end":{"line":39,"column":null}},"line":7},"1":{"name":"(anonymous_1)","decl":{"start":{"line":12,"column":38},"end":{"line":12,"column":39}},"loc":{"start":{"line":12,"column":50},"end":{"line":35,"column":5}},"line":12},"2":{"name":"(anonymous_2)","decl":{"start":{"line":13,"column":20},"end":{"line":13,"column":21}},"loc":{"start":{"line":13,"column":33},"end":{"line":34,"column":9}},"line":13},"3":{"name":"checkLines","decl":{"start":{"line":41,"column":9},"end":{"line":41,"column":19}},"loc":{"start":{"line":41,"column":36},"end":{"line":59,"column":null}},"line":41},"4":{"name":"(anonymous_4)","decl":{"start":{"line":44,"column":37},"end":{"line":44,"column":40}},"loc":{"start":{"line":44,"column":44},"end":{"line":44,"column":77}},"line":44},"5":{"name":"(anonymous_5)","decl":{"start":{"line":44,"column":55},"end":{"line":44,"column":59}},"loc":{"start":{"line":44,"column":63},"end":{"line":44,"column":76}},"line":44},"6":{"name":"setHoverBlock","decl":{"start":{"line":61,"column":9},"end":{"line":61,"column":22}},"loc":{"start":{"line":61,"column":31},"end":{"line":83,"column":null}},"line":61},"7":{"name":"(anonymous_7)","decl":{"start":{"line":69,"column":33},"end":{"line":69,"column":36}},"loc":{"start":{"line":69,"column":40},"end":{"line":69,"column":89}},"line":69},"8":{"name":"(anonymous_8)","decl":{"start":{"line":69,"column":48},"end":{"line":69,"column":52}},"loc":{"start":{"line":69,"column":57},"end":{"line":69,"column":87}},"line":69}},"branchMap":{"0":{"loc":{"start":{"line":8,"column":4},"end":{"line":8,"column":null}},"type":"if","locations":[{"start":{"line":8,"column":4},"end":{"line":8,"column":null}},{"start":{},"end":{}}],"line":8},"1":{"loc":{"start":{"line":14,"column":12},"end":{"line":33,"column":null}},"type":"if","locations":[{"start":{"line":14,"column":12},"end":{"line":33,"column":null}},{"start":{},"end":{}}],"line":14},"2":{"loc":{"start":{"line":17,"column":16},"end":{"line":20,"column":null}},"type":"if","locations":[{"start":{"line":17,"column":16},"end":{"line":20,"column":null}},{"start":{},"end":{}}],"line":17},"3":{"loc":{"start":{"line":17,"column":20},"end":{"line":17,"column":72}},"type":"binary-expr","locations":[{"start":{"line":17,"column":20},"end":{"line":17,"column":30}},{"start":{"line":17,"column":34},"end":{"line":17,"column":44}},{"start":{"line":17,"column":48},"end":{"line":17,"column":58}},{"start":{"line":17,"column":62},"end":{"line":17,"column":72}}],"line":17},"4":{"loc":{"start":{"line":22,"column":16},"end":{"line":32,"column":null}},"type":"if","locations":[{"start":{"line":22,"column":16},"end":{"line":32,"column":null}},{"start":{},"end":{}}],"line":22},"5":{"loc":{"start":{"line":24,"column":33},"end":{"line":24,"column":90}},"type":"binary-expr","locations":[{"start":{"line":24,"column":33},"end":{"line":24,"column":49}},{"start":{"line":24,"column":53},"end":{"line":24,"column":90}}],"line":24},"6":{"loc":{"start":{"line":25,"column":20},"end":{"line":28,"column":null}},"type":"if","locations":[{"start":{"line":25,"column":20},"end":{"line":28,"column":null}},{"start":{},"end":{}}],"line":25},"7":{"loc":{"start":{"line":29,"column":20},"end":{"line":31,"column":null}},"type":"if","locations":[{"start":{"line":29,"column":20},"end":{"line":31,"column":null}},{"start":{},"end":{}}],"line":29},"8":{"loc":{"start":{"line":36,"column":4},"end":{"line":38,"column":null}},"type":"if","locations":[{"start":{"line":36,"column":4},"end":{"line":38,"column":null}},{"start":{},"end":{}}],"line":36},"9":{"loc":{"start":{"line":36,"column":8},"end":{"line":36,"column":43}},"type":"binary-expr","locations":[{"start":{"line":36,"column":8},"end":{"line":36,"column":14}},{"start":{"line":36,"column":18},"end":{"line":36,"column":43}}],"line":36},"10":{"loc":{"start":{"line":42,"column":4},"end":{"line":42,"column":null}},"type":"if","locations":[{"start":{"line":42,"column":4},"end":{"line":42,"column":null}},{"start":{},"end":{}}],"line":42},"11":{"loc":{"start":{"line":62,"column":4},"end":{"line":62,"column":null}},"type":"if","locations":[{"start":{"line":62,"column":4},"end":{"line":62,"column":null}},{"start":{},"end":{}}],"line":62},"12":{"loc":{"start":{"line":69,"column":57},"end":{"line":69,"column":87}},"type":"cond-expr","locations":[{"start":{"line":69,"column":76},"end":{"line":69,"column":80}},{"start":{"line":69,"column":83},"end":{"line":69,"column":87}}],"line":69},"13":{"loc":{"start":{"line":74,"column":12},"end":{"line":80,"column":null}},"type":"if","locations":[{"start":{"line":74,"column":12},"end":{"line":80,"column":null}},{"start":{},"end":{}}],"line":74},"14":{"loc":{"start":{"line":77,"column":16},"end":{"line":79,"column":null}},"type":"if","locations":[{"start":{"line":77,"column":16},"end":{"line":79,"column":null}},{"start":{},"end":{}}],"line":77},"15":{"loc":{"start":{"line":77,"column":20},"end":{"line":77,"column":72}},"type":"binary-expr","locations":[{"start":{"line":77,"column":20},"end":{"line":77,"column":30}},{"start":{"line":77,"column":34},"end":{"line":77,"column":44}},{"start":{"line":77,"column":48},"end":{"line":77,"column":58}},{"start":{"line":77,"column":62},"end":{"line":77,"column":72}}],"line":77}},"s":{"0":8,"1":8,"2":14,"3":14,"4":104,"5":50,"6":1,"7":50,"8":50,"9":48,"10":48,"11":48,"12":48,"13":48,"14":12,"15":0,"16":1,"17":1,"18":1,"19":0,"20":0,"21":4,"22":0,"23":0,"24":14,"25":4,"26":14,"27":1,"28":7,"29":154,"30":321,"31":7,"32":7,"33":7,"34":7,"35":18,"36":7,"37":7,"38":7,"39":7,"40":3,"41":3,"42":3,"43":2803,"44":5390,"45":1,"46":776,"47":5,"48":38,"49":5,"50":110,"51":1100,"52":5,"53":5,"54":5,"55":980,"56":980,"57":980,"58":20,"59":20,"60":20,"61":19,"62":1},"f":{"0":50,"1":50,"2":48,"3":14,"4":154,"5":321,"6":245,"7":110,"8":1100},"b":{"0":[1,49],"1":[48,0],"2":[12,36],"3":[48,50,50,13],"4":[1,0],"5":[1,0],"6":[0,0],"7":[0,0],"8":[343,-329],"9":[14,308],"10":[1,13],"11":[1,5389],"12":[1,1099],"13":[20,960],"14":[19,1],"15":[20,20,20,20]},"meta":{"lastBranch":16,"lastFunction":9,"lastStatement":63,"seen":{"s:1:27:1:57":0,"s:2:24:2:53":1,"s:3:39:3:64":2,"s:4:22:4:48":3,"s:5:24:5:46":4,"f:7:9:7:17":0,"b:8:4:8:Infinity:undefined:undefined:undefined:undefined":0,"s:8:4:8:Infinity":5,"s:8:17:8:Infinity":6,"s:10:27:10:29":7,"s:12:4:35:Infinity":8,"f:12:38:12:39":1,"s:13:8:34:Infinity":9,"f:13:20:13:21":2,"b:14:12:33:Infinity:undefined:undefined:undefined:undefined":1,"s:14:12:33:Infinity":10,"s:15:30:15:51":11,"s:16:30:16:51":12,"b:17:16:20:Infinity:undefined:undefined:undefined:undefined":2,"s:17:16:20:Infinity":13,"b:17:20:17:30:17:34:17:44:17:48:17:58:17:62:17:72":3,"s:18:20:18:Infinity":14,"s:19:20:19:Infinity":15,"b:22:16:32:Infinity:undefined:undefined:undefined:undefined":4,"s:22:16:32:Infinity":16,"s:23:20:23:Infinity":17,"s:24:33:24:90":18,"b:24:33:24:49:24:53:24:90":5,"b:25:20:28:Infinity:undefined:undefined:undefined:undefined":6,"s:25:20:28:Infinity":19,"s:26:24:26:Infinity":20,"s:27:24:27:Infinity":21,"b:29:20:31:Infinity:undefined:undefined:undefined:undefined":7,"s:29:20:31:Infinity":22,"s:30:24:30:Infinity":23,"b:36:4:38:Infinity:undefined:undefined:undefined:undefined":8,"s:36:4:38:Infinity":24,"b:36:8:36:14:36:18:36:43":9,"s:37:8:37:Infinity":25,"f:41:9:41:19":3,"b:42:4:42:Infinity:undefined:undefined:undefined:undefined":10,"s:42:4:42:Infinity":26,"s:42:17:42:Infinity":27,"s:44:18:44:78":28,"f:44:37:44:40":4,"s:44:44:44:77":29,"f:44:55:44:59":5,"s:44:63:44:76":30,"s:45:25:45:60":31,"s:46:4:46:42":32,"s:47:4:49:Infinity":33,"s:47:17:47:18":34,"s:48:8:48:Infinity":35,"s:50:4:50:Infinity":36,"s:51:4:51:Infinity":37,"s:52:4:52:Infinity":38,"s:53:4:58:Infinity":39,"s:54:8:54:Infinity":40,"s:55:8:55:Infinity":41,"s:56:8:56:Infinity":42,"s:57:8:57:Infinity":43,"f:61:9:61:22":6,"b:62:4:62:Infinity:undefined:undefined:undefined:undefined":11,"s:62:4:62:Infinity":44,"s:62:17:62:Infinity":45,"s:64:17:64:34":46,"s:65:4:67:Infinity":47,"s:66:8:66:Infinity":48,"s:69:17:69:90":49,"f:69:33:69:36":7,"s:69:40:69:89":50,"f:69:48:69:52":8,"s:69:57:69:87":51,"b:69:76:69:80:69:83:69:87":12,"s:70:4:70:Infinity":52,"s:72:4:82:Infinity":53,"s:72:17:72:18":54,"s:73:8:81:Infinity":55,"s:73:21:73:22":56,"b:74:12:80:Infinity:undefined:undefined:undefined:undefined":13,"s:74:12:80:Infinity":57,"s:75:30:75:40":58,"s:76:30:76:51":59,"b:77:16:79:Infinity:undefined:undefined:undefined:undefined":14,"s:77:16:79:Infinity":60,"b:77:20:77:30:77:34:77:44:77:48:77:58:77:62:77:72":15,"s:78:20:78:Infinity":61,"s:85:0:85:Infinity":62}}}
,"/home/madegryc/Documents/red-tetris/server/game/collisionManager.js": {"path":"/home/madegryc/Documents/red-tetris/server/game/collisionManager.js","statementMap":{"0":{"start":{"line":2,"column":4},"end":{"line":2,"column":null}},"1":{"start":{"line":2,"column":17},"end":{"line":2,"column":null}},"2":{"start":{"line":4,"column":4},"end":{"line":19,"column":null}},"3":{"start":{"line":4,"column":17},"end":{"line":4,"column":18}},"4":{"start":{"line":5,"column":8},"end":{"line":18,"column":null}},"5":{"start":{"line":5,"column":21},"end":{"line":5,"column":22}},"6":{"start":{"line":6,"column":12},"end":{"line":17,"column":null}},"7":{"start":{"line":7,"column":29},"end":{"line":7,"column":64}},"8":{"start":{"line":8,"column":29},"end":{"line":8,"column":64}},"9":{"start":{"line":10,"column":16},"end":{"line":12,"column":null}},"10":{"start":{"line":11,"column":20},"end":{"line":11,"column":null}},"11":{"start":{"line":14,"column":16},"end":{"line":16,"column":null}},"12":{"start":{"line":15,"column":20},"end":{"line":15,"column":null}},"13":{"start":{"line":20,"column":4},"end":{"line":20,"column":null}},"14":{"start":{"line":23,"column":0},"end":{"line":23,"column":null}}},"fnMap":{"0":{"name":"isCollision","decl":{"start":{"line":1,"column":9},"end":{"line":1,"column":20}},"loc":{"start":{"line":1,"column":40},"end":{"line":21,"column":null}},"line":1}},"branchMap":{"0":{"loc":{"start":{"line":2,"column":4},"end":{"line":2,"column":null}},"type":"if","locations":[{"start":{"line":2,"column":4},"end":{"line":2,"column":null}},{"start":{},"end":{}}],"line":2},"1":{"loc":{"start":{"line":6,"column":12},"end":{"line":17,"column":null}},"type":"if","locations":[{"start":{"line":6,"column":12},"end":{"line":17,"column":null}},{"start":{},"end":{}}],"line":6},"2":{"loc":{"start":{"line":10,"column":16},"end":{"line":12,"column":null}},"type":"if","locations":[{"start":{"line":10,"column":16},"end":{"line":12,"column":null}},{"start":{},"end":{}}],"line":10},"3":{"loc":{"start":{"line":10,"column":20},"end":{"line":10,"column":56}},"type":"binary-expr","locations":[{"start":{"line":10,"column":20},"end":{"line":10,"column":28}},{"start":{"line":10,"column":32},"end":{"line":10,"column":42}},{"start":{"line":10,"column":46},"end":{"line":10,"column":56}}],"line":10},"4":{"loc":{"start":{"line":14,"column":16},"end":{"line":16,"column":null}},"type":"if","locations":[{"start":{"line":14,"column":16},"end":{"line":16,"column":null}},{"start":{},"end":{}}],"line":14},"5":{"loc":{"start":{"line":14,"column":20},"end":{"line":14,"column":95}},"type":"binary-expr","locations":[{"start":{"line":14,"column":20},"end":{"line":14,"column":29}},{"start":{"line":14,"column":33},"end":{"line":14,"column":56}},{"start":{"line":14,"column":60},"end":{"line":14,"column":95}}],"line":14}},"s":{"0":3340,"1":0,"2":3340,"3":3340,"4":9272,"5":9272,"6":27202,"7":10,"8":12971,"9":12971,"10":216,"11":12755,"12":57,"13":3067,"14":5},"f":{"0":3340},"b":{"0":[0,3340],"1":[12971,14231],"2":[216,12755],"3":[12971,12968,12964],"4":[57,12698],"5":[12755,12755,1266]},"meta":{"lastBranch":6,"lastFunction":1,"lastStatement":15,"seen":{"f:1:9:1:20":0,"b:2:4:2:Infinity:undefined:undefined:undefined:undefined":0,"s:2:4:2:Infinity":0,"s:2:17:2:Infinity":1,"s:4:4:19:Infinity":2,"s:4:17:4:18":3,"s:5:8:18:Infinity":4,"s:5:21:5:22":5,"b:6:12:17:Infinity:undefined:undefined:undefined:undefined":1,"s:6:12:17:Infinity":6,"s:7:29:7:64":7,"s:8:29:8:64":8,"b:10:16:12:Infinity:undefined:undefined:undefined:undefined":2,"s:10:16:12:Infinity":9,"b:10:20:10:28:10:32:10:42:10:46:10:56":3,"s:11:20:11:Infinity":10,"b:14:16:16:Infinity:undefined:undefined:undefined:undefined":4,"s:14:16:16:Infinity":11,"b:14:20:14:29:14:33:14:56:14:60:14:95":5,"s:15:20:15:Infinity":12,"s:20:4:20:Infinity":13,"s:23:0:23:Infinity":14}}}
,"/home/madegryc/Documents/red-tetris/server/game/gameLogic.js": {"path":"/home/madegryc/Documents/red-tetris/server/game/gameLogic.js","statementMap":{"0":{"start":{"line":1,"column":27},"end":{"line":1,"column":57}},"1":{"start":{"line":2,"column":27},"end":{"line":2,"column":56}},"2":{"start":{"line":3,"column":24},"end":{"line":3,"column":53}},"3":{"start":{"line":4,"column":48},"end":{"line":4,"column":73}},"4":{"start":{"line":5,"column":39},"end":{"line":5,"column":64}},"5":{"start":{"line":6,"column":22},"end":{"line":6,"column":48}},"6":{"start":{"line":9,"column":4},"end":{"line":9,"column":null}},"7":{"start":{"line":9,"column":17},"end":{"line":9,"column":null}},"8":{"start":{"line":10,"column":17},"end":{"line":10,"column":74}},"9":{"start":{"line":11,"column":4},"end":{"line":11,"column":null}},"10":{"start":{"line":11,"column":35},"end":{"line":11,"column":null}},"11":{"start":{"line":13,"column":4},"end":{"line":46,"column":null}},"12":{"start":{"line":14,"column":8},"end":{"line":23,"column":null}},"13":{"start":{"line":15,"column":12},"end":{"line":21,"column":null}},"14":{"start":{"line":16,"column":16},"end":{"line":19,"column":null}},"15":{"start":{"line":20,"column":16},"end":{"line":20,"column":null}},"16":{"start":{"line":22,"column":12},"end":{"line":22,"column":null}},"17":{"start":{"line":24,"column":8},"end":{"line":35,"column":null}},"18":{"start":{"line":25,"column":12},"end":{"line":34,"column":null}},"19":{"start":{"line":26,"column":16},"end":{"line":28,"column":null}},"20":{"start":{"line":27,"column":20},"end":{"line":27,"column":null}},"21":{"start":{"line":29,"column":16},"end":{"line":29,"column":null}},"22":{"start":{"line":30,"column":16},"end":{"line":30,"column":null}},"23":{"start":{"line":31,"column":16},"end":{"line":31,"column":null}},"24":{"start":{"line":32,"column":16},"end":{"line":32,"column":null}},"25":{"start":{"line":33,"column":16},"end":{"line":33,"column":null}},"26":{"start":{"line":36,"column":8},"end":{"line":40,"column":null}},"27":{"start":{"line":42,"column":8},"end":{"line":45,"column":null}},"28":{"start":{"line":50,"column":4},"end":{"line":50,"column":null}},"29":{"start":{"line":50,"column":17},"end":{"line":50,"column":null}},"30":{"start":{"line":51,"column":17},"end":{"line":51,"column":74}},"31":{"start":{"line":52,"column":4},"end":{"line":52,"column":null}},"32":{"start":{"line":52,"column":35},"end":{"line":52,"column":null}},"33":{"start":{"line":53,"column":4},"end":{"line":53,"column":null}},"34":{"start":{"line":53,"column":69},"end":{"line":53,"column":null}},"35":{"start":{"line":55,"column":4},"end":{"line":86,"column":null}},"36":{"start":{"line":56,"column":8},"end":{"line":77,"column":null}},"37":{"start":{"line":57,"column":12},"end":{"line":57,"column":null}},"38":{"start":{"line":58,"column":12},"end":{"line":58,"column":null}},"39":{"start":{"line":59,"column":12},"end":{"line":59,"column":null}},"40":{"start":{"line":60,"column":12},"end":{"line":74,"column":null}},"41":{"start":{"line":61,"column":37},"end":{"line":61,"column":79}},"42":{"start":{"line":61,"column":60},"end":{"line":61,"column":78}},"43":{"start":{"line":62,"column":16},"end":{"line":62,"column":null}},"44":{"start":{"line":62,"column":35},"end":{"line":62,"column":null}},"45":{"start":{"line":63,"column":16},"end":{"line":65,"column":null}},"46":{"start":{"line":64,"column":20},"end":{"line":64,"column":null}},"47":{"start":{"line":66,"column":16},"end":{"line":66,"column":null}},"48":{"start":{"line":67,"column":16},"end":{"line":69,"column":null}},"49":{"start":{"line":68,"column":20},"end":{"line":68,"column":null}},"50":{"start":{"line":70,"column":16},"end":{"line":70,"column":null}},"51":{"start":{"line":73,"column":16},"end":{"line":73,"column":null}},"52":{"start":{"line":75,"column":12},"end":{"line":75,"column":null}},"53":{"start":{"line":76,"column":12},"end":{"line":76,"column":null}},"54":{"start":{"line":78,"column":8},"end":{"line":84,"column":null}},"55":{"start":{"line":79,"column":12},"end":{"line":79,"column":null}},"56":{"start":{"line":80,"column":12},"end":{"line":80,"column":null}},"57":{"start":{"line":81,"column":12},"end":{"line":83,"column":null}},"58":{"start":{"line":82,"column":16},"end":{"line":82,"column":null}},"59":{"start":{"line":85,"column":8},"end":{"line":85,"column":null}},"60":{"start":{"line":88,"column":4},"end":{"line":88,"column":null}},"61":{"start":{"line":89,"column":4},"end":{"line":89,"column":null}},"62":{"start":{"line":91,"column":4},"end":{"line":91,"column":null}},"63":{"start":{"line":92,"column":4},"end":{"line":92,"column":null}},"64":{"start":{"line":94,"column":4},"end":{"line":94,"column":null}},"65":{"start":{"line":98,"column":4},"end":{"line":98,"column":null}},"66":{"start":{"line":98,"column":17},"end":{"line":98,"column":null}},"67":{"start":{"line":100,"column":4},"end":{"line":116,"column":null}},"68":{"start":{"line":100,"column":17},"end":{"line":100,"column":18}},"69":{"start":{"line":101,"column":8},"end":{"line":115,"column":null}},"70":{"start":{"line":101,"column":21},"end":{"line":101,"column":22}},"71":{"start":{"line":102,"column":12},"end":{"line":114,"column":null}},"72":{"start":{"line":104,"column":29},"end":{"line":104,"column":60}},"73":{"start":{"line":105,"column":29},"end":{"line":105,"column":60}},"74":{"start":{"line":107,"column":16},"end":{"line":109,"column":null}},"75":{"start":{"line":108,"column":20},"end":{"line":108,"column":null}},"76":{"start":{"line":111,"column":16},"end":{"line":113,"column":null}},"77":{"start":{"line":112,"column":20},"end":{"line":112,"column":null}},"78":{"start":{"line":117,"column":4},"end":{"line":117,"column":null}},"79":{"start":{"line":121,"column":4},"end":{"line":123,"column":null}},"80":{"start":{"line":122,"column":8},"end":{"line":122,"column":null}},"81":{"start":{"line":122,"column":26},"end":{"line":122,"column":36}},"82":{"start":{"line":127,"column":25},"end":{"line":127,"column":40}},"83":{"start":{"line":128,"column":26},"end":{"line":128,"column":38}},"84":{"start":{"line":129,"column":21},"end":{"line":129,"column":43}},"85":{"start":{"line":130,"column":22},"end":{"line":130,"column":41}},"86":{"start":{"line":132,"column":20},"end":{"line":132,"column":61}},"87":{"start":{"line":133,"column":20},"end":{"line":133,"column":63}},"88":{"start":{"line":135,"column":4},"end":{"line":147,"column":null}},"89":{"start":{"line":137,"column":12},"end":{"line":137,"column":null}},"90":{"start":{"line":144,"column":12},"end":{"line":144,"column":null}},"91":{"start":{"line":146,"column":12},"end":{"line":146,"column":null}},"92":{"start":{"line":151,"column":19},"end":{"line":151,"column":37}},"93":{"start":{"line":152,"column":4},"end":{"line":152,"column":null}},"94":{"start":{"line":152,"column":38},"end":{"line":152,"column":null}},"95":{"start":{"line":153,"column":28},"end":{"line":153,"column":47}},"96":{"start":{"line":155,"column":25},"end":{"line":155,"column":44}},"97":{"start":{"line":156,"column":19},"end":{"line":156,"column":63}},"98":{"start":{"line":158,"column":4},"end":{"line":185,"column":null}},"99":{"start":{"line":159,"column":32},"end":{"line":172,"column":9}},"100":{"start":{"line":174,"column":32},"end":{"line":174,"column":37}},"101":{"start":{"line":175,"column":8},"end":{"line":182,"column":null}},"102":{"start":{"line":176,"column":12},"end":{"line":181,"column":null}},"103":{"start":{"line":177,"column":16},"end":{"line":177,"column":null}},"104":{"start":{"line":178,"column":16},"end":{"line":178,"column":null}},"105":{"start":{"line":179,"column":16},"end":{"line":179,"column":null}},"106":{"start":{"line":180,"column":16},"end":{"line":180,"column":null}},"107":{"start":{"line":184,"column":8},"end":{"line":184,"column":null}},"108":{"start":{"line":184,"column":32},"end":{"line":184,"column":null}},"109":{"start":{"line":187,"column":4},"end":{"line":187,"column":null}},"110":{"start":{"line":188,"column":4},"end":{"line":188,"column":null}},"111":{"start":{"line":189,"column":4},"end":{"line":189,"column":null}},"112":{"start":{"line":191,"column":4},"end":{"line":191,"column":null}},"113":{"start":{"line":192,"column":4},"end":{"line":192,"column":null}},"114":{"start":{"line":196,"column":19},"end":{"line":196,"column":37}},"115":{"start":{"line":197,"column":4},"end":{"line":197,"column":null}},"116":{"start":{"line":197,"column":38},"end":{"line":197,"column":null}},"117":{"start":{"line":199,"column":4},"end":{"line":199,"column":null}},"118":{"start":{"line":200,"column":4},"end":{"line":200,"column":null}},"119":{"start":{"line":203,"column":0},"end":{"line":203,"column":null}}},"fnMap":{"0":{"name":"refreshGame","decl":{"start":{"line":8,"column":9},"end":{"line":8,"column":20}},"loc":{"start":{"line":8,"column":37},"end":{"line":47,"column":null}},"line":8},"1":{"name":"(anonymous_1)","decl":{"start":{"line":15,"column":33},"end":{"line":15,"column":34}},"loc":{"start":{"line":15,"column":38},"end":{"line":21,"column":13}},"line":15},"2":{"name":"(anonymous_2)","decl":{"start":{"line":24,"column":29},"end":{"line":24,"column":30}},"loc":{"start":{"line":24,"column":34},"end":{"line":35,"column":9}},"line":24},"3":{"name":"moveBlock","decl":{"start":{"line":49,"column":9},"end":{"line":49,"column":18}},"loc":{"start":{"line":49,"column":46},"end":{"line":95,"column":null}},"line":49},"4":{"name":"(anonymous_4)","decl":{"start":{"line":61,"column":55},"end":{"line":61,"column":56}},"loc":{"start":{"line":61,"column":60},"end":{"line":61,"column":78}},"line":61},"5":{"name":"canRotate","decl":{"start":{"line":97,"column":9},"end":{"line":97,"column":18}},"loc":{"start":{"line":97,"column":60},"end":{"line":118,"column":null}},"line":97},"6":{"name":"rotateMatrix","decl":{"start":{"line":120,"column":9},"end":{"line":120,"column":21}},"loc":{"start":{"line":120,"column":30},"end":{"line":124,"column":null}},"line":120},"7":{"name":"(anonymous_7)","decl":{"start":{"line":121,"column":25},"end":{"line":121,"column":26}},"loc":{"start":{"line":122,"column":8},"end":{"line":122,"column":null}},"line":122},"8":{"name":"(anonymous_8)","decl":{"start":{"line":122,"column":19},"end":{"line":122,"column":22}},"loc":{"start":{"line":122,"column":26},"end":{"line":122,"column":36}},"line":122},"9":{"name":"getRotationOffset","decl":{"start":{"line":126,"column":9},"end":{"line":126,"column":26}},"loc":{"start":{"line":126,"column":54},"end":{"line":148,"column":null}},"line":126},"10":{"name":"rotateBlock","decl":{"start":{"line":150,"column":9},"end":{"line":150,"column":20}},"loc":{"start":{"line":150,"column":29},"end":{"line":193,"column":1}},"line":150},"11":{"name":"dropBlock","decl":{"start":{"line":195,"column":9},"end":{"line":195,"column":18}},"loc":{"start":{"line":195,"column":27},"end":{"line":201,"column":null}},"line":195}},"branchMap":{"0":{"loc":{"start":{"line":9,"column":4},"end":{"line":9,"column":null}},"type":"if","locations":[{"start":{"line":9,"column":4},"end":{"line":9,"column":null}},{"start":{},"end":{}}],"line":9},"1":{"loc":{"start":{"line":10,"column":17},"end":{"line":10,"column":74}},"type":"binary-expr","locations":[{"start":{"line":10,"column":17},"end":{"line":10,"column":33}},{"start":{"line":10,"column":37},"end":{"line":10,"column":74}}],"line":10},"2":{"loc":{"start":{"line":11,"column":4},"end":{"line":11,"column":null}},"type":"if","locations":[{"start":{"line":11,"column":4},"end":{"line":11,"column":null}},{"start":{},"end":{}}],"line":11},"3":{"loc":{"start":{"line":11,"column":8},"end":{"line":11,"column":33}},"type":"binary-expr","locations":[{"start":{"line":11,"column":8},"end":{"line":11,"column":25}},{"start":{"line":11,"column":29},"end":{"line":11,"column":33}}],"line":11},"4":{"loc":{"start":{"line":13,"column":4},"end":{"line":46,"column":null}},"type":"if","locations":[{"start":{"line":13,"column":4},"end":{"line":46,"column":null}},{"start":{"line":41,"column":11},"end":{"line":46,"column":null}}],"line":13},"5":{"loc":{"start":{"line":14,"column":8},"end":{"line":23,"column":null}},"type":"if","locations":[{"start":{"line":14,"column":8},"end":{"line":23,"column":null}},{"start":{},"end":{}}],"line":14},"6":{"loc":{"start":{"line":25,"column":12},"end":{"line":34,"column":null}},"type":"if","locations":[{"start":{"line":25,"column":12},"end":{"line":34,"column":null}},{"start":{},"end":{}}],"line":25},"7":{"loc":{"start":{"line":26,"column":16},"end":{"line":28,"column":null}},"type":"if","locations":[{"start":{"line":26,"column":16},"end":{"line":28,"column":null}},{"start":{},"end":{}}],"line":26},"8":{"loc":{"start":{"line":50,"column":4},"end":{"line":50,"column":null}},"type":"if","locations":[{"start":{"line":50,"column":4},"end":{"line":50,"column":null}},{"start":{},"end":{}}],"line":50},"9":{"loc":{"start":{"line":51,"column":17},"end":{"line":51,"column":74}},"type":"binary-expr","locations":[{"start":{"line":51,"column":17},"end":{"line":51,"column":33}},{"start":{"line":51,"column":37},"end":{"line":51,"column":74}}],"line":51},"10":{"loc":{"start":{"line":52,"column":4},"end":{"line":52,"column":null}},"type":"if","locations":[{"start":{"line":52,"column":4},"end":{"line":52,"column":null}},{"start":{},"end":{}}],"line":52},"11":{"loc":{"start":{"line":52,"column":8},"end":{"line":52,"column":33}},"type":"binary-expr","locations":[{"start":{"line":52,"column":8},"end":{"line":52,"column":25}},{"start":{"line":52,"column":29},"end":{"line":52,"column":33}}],"line":52},"12":{"loc":{"start":{"line":53,"column":4},"end":{"line":53,"column":null}},"type":"if","locations":[{"start":{"line":53,"column":4},"end":{"line":53,"column":null}},{"start":{},"end":{}}],"line":53},"13":{"loc":{"start":{"line":53,"column":9},"end":{"line":53,"column":66}},"type":"binary-expr","locations":[{"start":{"line":53,"column":10},"end":{"line":53,"column":15}},{"start":{"line":53,"column":19},"end":{"line":53,"column":36}},{"start":{"line":53,"column":42},"end":{"line":53,"column":46}},{"start":{"line":53,"column":50},"end":{"line":53,"column":65}}],"line":53},"14":{"loc":{"start":{"line":55,"column":4},"end":{"line":86,"column":null}},"type":"if","locations":[{"start":{"line":55,"column":4},"end":{"line":86,"column":null}},{"start":{},"end":{}}],"line":55},"15":{"loc":{"start":{"line":56,"column":8},"end":{"line":77,"column":null}},"type":"if","locations":[{"start":{"line":56,"column":8},"end":{"line":77,"column":null}},{"start":{},"end":{}}],"line":56},"16":{"loc":{"start":{"line":56,"column":12},"end":{"line":56,"column":51}},"type":"binary-expr","locations":[{"start":{"line":56,"column":12},"end":{"line":56,"column":30}},{"start":{"line":56,"column":34},"end":{"line":56,"column":51}}],"line":56},"17":{"loc":{"start":{"line":60,"column":12},"end":{"line":74,"column":null}},"type":"if","locations":[{"start":{"line":60,"column":12},"end":{"line":74,"column":null}},{"start":{"line":72,"column":17},"end":{"line":74,"column":null}}],"line":60},"18":{"loc":{"start":{"line":62,"column":16},"end":{"line":62,"column":null}},"type":"if","locations":[{"start":{"line":62,"column":16},"end":{"line":62,"column":null}},{"start":{},"end":{}}],"line":62},"19":{"loc":{"start":{"line":63,"column":16},"end":{"line":65,"column":null}},"type":"if","locations":[{"start":{"line":63,"column":16},"end":{"line":65,"column":null}},{"start":{},"end":{}}],"line":63},"20":{"loc":{"start":{"line":67,"column":16},"end":{"line":69,"column":null}},"type":"if","locations":[{"start":{"line":67,"column":16},"end":{"line":69,"column":null}},{"start":{},"end":{}}],"line":67},"21":{"loc":{"start":{"line":78,"column":8},"end":{"line":84,"column":null}},"type":"if","locations":[{"start":{"line":78,"column":8},"end":{"line":84,"column":null}},{"start":{},"end":{}}],"line":78},"22":{"loc":{"start":{"line":78,"column":12},"end":{"line":78,"column":68}},"type":"binary-expr","locations":[{"start":{"line":78,"column":12},"end":{"line":78,"column":29}},{"start":{"line":78,"column":33},"end":{"line":78,"column":68}}],"line":78},"23":{"loc":{"start":{"line":81,"column":12},"end":{"line":83,"column":null}},"type":"if","locations":[{"start":{"line":81,"column":12},"end":{"line":83,"column":null}},{"start":{},"end":{}}],"line":81},"24":{"loc":{"start":{"line":97,"column":34},"end":{"line":97,"column":45}},"type":"default-arg","locations":[{"start":{"line":97,"column":44},"end":{"line":97,"column":45}}],"line":97},"25":{"loc":{"start":{"line":97,"column":47},"end":{"line":97,"column":58}},"type":"default-arg","locations":[{"start":{"line":97,"column":57},"end":{"line":97,"column":58}}],"line":97},"26":{"loc":{"start":{"line":98,"column":4},"end":{"line":98,"column":null}},"type":"if","locations":[{"start":{"line":98,"column":4},"end":{"line":98,"column":null}},{"start":{},"end":{}}],"line":98},"27":{"loc":{"start":{"line":102,"column":12},"end":{"line":114,"column":null}},"type":"if","locations":[{"start":{"line":102,"column":12},"end":{"line":114,"column":null}},{"start":{},"end":{}}],"line":102},"28":{"loc":{"start":{"line":107,"column":16},"end":{"line":109,"column":null}},"type":"if","locations":[{"start":{"line":107,"column":16},"end":{"line":109,"column":null}},{"start":{},"end":{}}],"line":107},"29":{"loc":{"start":{"line":107,"column":20},"end":{"line":107,"column":56}},"type":"binary-expr","locations":[{"start":{"line":107,"column":20},"end":{"line":107,"column":28}},{"start":{"line":107,"column":32},"end":{"line":107,"column":42}},{"start":{"line":107,"column":46},"end":{"line":107,"column":56}}],"line":107},"30":{"loc":{"start":{"line":111,"column":16},"end":{"line":113,"column":null}},"type":"if","locations":[{"start":{"line":111,"column":16},"end":{"line":113,"column":null}},{"start":{},"end":{}}],"line":111},"31":{"loc":{"start":{"line":111,"column":20},"end":{"line":111,"column":95}},"type":"binary-expr","locations":[{"start":{"line":111,"column":20},"end":{"line":111,"column":29}},{"start":{"line":111,"column":33},"end":{"line":111,"column":56}},{"start":{"line":111,"column":60},"end":{"line":111,"column":95}}],"line":111},"32":{"loc":{"start":{"line":135,"column":4},"end":{"line":147,"column":null}},"type":"switch","locations":[{"start":{"line":136,"column":8},"end":{"line":137,"column":null}},{"start":{"line":138,"column":8},"end":{"line":138,"column":null}},{"start":{"line":139,"column":8},"end":{"line":139,"column":null}},{"start":{"line":140,"column":8},"end":{"line":140,"column":null}},{"start":{"line":141,"column":8},"end":{"line":141,"column":null}},{"start":{"line":142,"column":8},"end":{"line":142,"column":null}},{"start":{"line":143,"column":8},"end":{"line":144,"column":null}},{"start":{"line":145,"column":8},"end":{"line":146,"column":null}}],"line":135},"33":{"loc":{"start":{"line":152,"column":4},"end":{"line":152,"column":null}},"type":"if","locations":[{"start":{"line":152,"column":4},"end":{"line":152,"column":null}},{"start":{},"end":{}}],"line":152},"34":{"loc":{"start":{"line":152,"column":8},"end":{"line":152,"column":36}},"type":"binary-expr","locations":[{"start":{"line":152,"column":8},"end":{"line":152,"column":15}},{"start":{"line":152,"column":19},"end":{"line":152,"column":36}}],"line":152},"35":{"loc":{"start":{"line":158,"column":4},"end":{"line":185,"column":null}},"type":"if","locations":[{"start":{"line":158,"column":4},"end":{"line":185,"column":null}},{"start":{},"end":{}}],"line":158},"36":{"loc":{"start":{"line":159,"column":32},"end":{"line":172,"column":9}},"type":"cond-expr","locations":[{"start":{"line":160,"column":10},"end":{"line":167,"column":null}},{"start":{"line":168,"column":10},"end":{"line":172,"column":9}}],"line":159},"37":{"loc":{"start":{"line":176,"column":12},"end":{"line":181,"column":null}},"type":"if","locations":[{"start":{"line":176,"column":12},"end":{"line":181,"column":null}},{"start":{},"end":{}}],"line":176},"38":{"loc":{"start":{"line":184,"column":8},"end":{"line":184,"column":null}},"type":"if","locations":[{"start":{"line":184,"column":8},"end":{"line":184,"column":null}},{"start":{},"end":{}}],"line":184},"39":{"loc":{"start":{"line":197,"column":4},"end":{"line":197,"column":null}},"type":"if","locations":[{"start":{"line":197,"column":4},"end":{"line":197,"column":null}},{"start":{},"end":{}}],"line":197},"40":{"loc":{"start":{"line":197,"column":8},"end":{"line":197,"column":36}},"type":"binary-expr","locations":[{"start":{"line":197,"column":8},"end":{"line":197,"column":15}},{"start":{"line":197,"column":19},"end":{"line":197,"column":36}}],"line":197}},"s":{"0":8,"1":8,"2":8,"3":8,"4":8,"5":8,"6":6,"7":0,"8":6,"9":6,"10":0,"11":6,"12":0,"13":2,"14":263,"15":0,"16":9,"17":9,"18":9,"19":9,"20":9,"21":0,"22":0,"23":8,"24":1,"25":1,"26":8,"27":8,"28":9,"29":0,"30":263,"31":263,"32":0,"33":6,"34":0,"35":232,"36":229,"37":0,"38":229,"39":3,"40":229,"41":0,"42":0,"43":14,"44":14,"45":14,"46":3,"47":3,"48":0,"49":3,"50":3,"51":1,"52":1,"53":3,"54":3,"55":11,"56":14,"57":14,"58":0,"59":14,"60":3,"61":3,"62":3,"63":3,"64":3,"65":209,"66":209,"67":209,"68":209,"69":209,"70":209,"71":0,"72":0,"73":0,"74":99,"75":140,"76":140,"77":140,"78":4,"79":136,"80":136,"81":4,"82":30,"83":31,"84":90,"85":90,"86":31,"87":31,"88":31,"89":31,"90":31,"91":4,"92":12,"93":22,"94":27,"95":27,"96":0,"97":0,"98":0,"99":31,"100":1,"101":1,"102":1,"103":3,"104":4,"105":7,"106":7,"107":3,"108":3,"109":3,"110":3,"111":3,"112":3,"113":3,"114":30,"115":30,"116":30,"117":30,"118":30,"119":36},"f":{"0":6,"1":272,"2":9,"3":9,"4":0,"5":3,"6":136,"7":136,"8":4,"9":4,"10":31,"11":0},"b":{"0":[0,6],"1":[6,6],"2":[0,6],"3":[6,6],"4":[0,8],"5":[0,0],"6":[9,0],"7":[9,0],"8":[0,9],"9":[263,263],"10":[0,263],"11":[263,263],"12":[0,6],"13":[6,6,6,0],"14":[229,3],"15":[229,0],"16":[229,0],"17":[0,1],"18":[14,0],"19":[14,0],"20":[3,-3],"21":[11,-8],"22":[3,11],"23":[14,0],"24":[209],"25":[209],"26":[209,0],"27":[0,0],"28":[288,-189],"29":[99,99,288],"30":[140,0],"31":[140,140,140],"32":[31,31,31,31,31,31,31,31],"33":[27,-5],"34":[22,31],"35":[31,-31],"36":[31,4],"37":[3,-2],"38":[3,0],"39":[30,0],"40":[30,30]},"meta":{"lastBranch":41,"lastFunction":12,"lastStatement":120,"seen":{"s:1:27:1:57":0,"s:2:27:2:56":1,"s:3:24:3:53":2,"s:4:48:4:73":3,"s:5:39:5:64":4,"s:6:22:6:48":5,"f:8:9:8:20":0,"b:9:4:9:Infinity:undefined:undefined:undefined:undefined":0,"s:9:4:9:Infinity":6,"s:9:17:9:Infinity":7,"s:10:17:10:74":8,"b:10:17:10:33:10:37:10:74":1,"b:11:4:11:Infinity:undefined:undefined:undefined:undefined":2,"s:11:4:11:Infinity":9,"b:11:8:11:25:11:29:11:33":3,"s:11:35:11:Infinity":10,"b:13:4:46:Infinity:41:11:46:Infinity":4,"s:13:4:46:Infinity":11,"b:14:8:23:Infinity:undefined:undefined:undefined:undefined":5,"s:14:8:23:Infinity":12,"s:15:12:21:Infinity":13,"f:15:33:15:34":1,"s:16:16:19:Infinity":14,"s:20:16:20:Infinity":15,"s:22:12:22:Infinity":16,"s:24:8:35:Infinity":17,"f:24:29:24:30":2,"b:25:12:34:Infinity:undefined:undefined:undefined:undefined":6,"s:25:12:34:Infinity":18,"b:26:16:28:Infinity:undefined:undefined:undefined:undefined":7,"s:26:16:28:Infinity":19,"s:27:20:27:Infinity":20,"s:29:16:29:Infinity":21,"s:30:16:30:Infinity":22,"s:31:16:31:Infinity":23,"s:32:16:32:Infinity":24,"s:33:16:33:Infinity":25,"s:36:8:40:Infinity":26,"s:42:8:45:Infinity":27,"f:49:9:49:18":3,"b:50:4:50:Infinity:undefined:undefined:undefined:undefined":8,"s:50:4:50:Infinity":28,"s:50:17:50:Infinity":29,"s:51:17:51:74":30,"b:51:17:51:33:51:37:51:74":9,"b:52:4:52:Infinity:undefined:undefined:undefined:undefined":10,"s:52:4:52:Infinity":31,"b:52:8:52:25:52:29:52:33":11,"s:52:35:52:Infinity":32,"b:53:4:53:Infinity:undefined:undefined:undefined:undefined":12,"s:53:4:53:Infinity":33,"b:53:10:53:15:53:19:53:36:53:42:53:46:53:50:53:65":13,"s:53:69:53:Infinity":34,"b:55:4:86:Infinity:undefined:undefined:undefined:undefined":14,"s:55:4:86:Infinity":35,"b:56:8:77:Infinity:undefined:undefined:undefined:undefined":15,"s:56:8:77:Infinity":36,"b:56:12:56:30:56:34:56:51":16,"s:57:12:57:Infinity":37,"s:58:12:58:Infinity":38,"s:59:12:59:Infinity":39,"b:60:12:74:Infinity:72:17:74:Infinity":17,"s:60:12:74:Infinity":40,"s:61:37:61:79":41,"f:61:55:61:56":4,"s:61:60:61:78":42,"b:62:16:62:Infinity:undefined:undefined:undefined:undefined":18,"s:62:16:62:Infinity":43,"s:62:35:62:Infinity":44,"b:63:16:65:Infinity:undefined:undefined:undefined:undefined":19,"s:63:16:65:Infinity":45,"s:64:20:64:Infinity":46,"s:66:16:66:Infinity":47,"b:67:16:69:Infinity:undefined:undefined:undefined:undefined":20,"s:67:16:69:Infinity":48,"s:68:20:68:Infinity":49,"s:70:16:70:Infinity":50,"s:73:16:73:Infinity":51,"s:75:12:75:Infinity":52,"s:76:12:76:Infinity":53,"b:78:8:84:Infinity:undefined:undefined:undefined:undefined":21,"s:78:8:84:Infinity":54,"b:78:12:78:29:78:33:78:68":22,"s:79:12:79:Infinity":55,"s:80:12:80:Infinity":56,"b:81:12:83:Infinity:undefined:undefined:undefined:undefined":23,"s:81:12:83:Infinity":57,"s:82:16:82:Infinity":58,"s:85:8:85:Infinity":59,"s:88:4:88:Infinity":60,"s:89:4:89:Infinity":61,"s:91:4:91:Infinity":62,"s:92:4:92:Infinity":63,"s:94:4:94:Infinity":64,"f:97:9:97:18":5,"b:97:44:97:45":24,"b:97:57:97:58":25,"b:98:4:98:Infinity:undefined:undefined:undefined:undefined":26,"s:98:4:98:Infinity":65,"s:98:17:98:Infinity":66,"s:100:4:116:Infinity":67,"s:100:17:100:18":68,"s:101:8:115:Infinity":69,"s:101:21:101:22":70,"b:102:12:114:Infinity:undefined:undefined:undefined:undefined":27,"s:102:12:114:Infinity":71,"s:104:29:104:60":72,"s:105:29:105:60":73,"b:107:16:109:Infinity:undefined:undefined:undefined:undefined":28,"s:107:16:109:Infinity":74,"b:107:20:107:28:107:32:107:42:107:46:107:56":29,"s:108:20:108:Infinity":75,"b:111:16:113:Infinity:undefined:undefined:undefined:undefined":30,"s:111:16:113:Infinity":76,"b:111:20:111:29:111:33:111:56:111:60:111:95":31,"s:112:20:112:Infinity":77,"s:117:4:117:Infinity":78,"f:120:9:120:21":6,"s:121:4:123:Infinity":79,"f:121:25:121:26":7,"s:122:8:122:Infinity":80,"f:122:19:122:22":8,"s:122:26:122:36":81,"f:126:9:126:26":9,"s:127:25:127:40":82,"s:128:26:128:38":83,"s:129:21:129:43":84,"s:130:22:130:41":85,"s:132:20:132:61":86,"s:133:20:133:63":87,"b:136:8:137:Infinity:138:8:138:Infinity:139:8:139:Infinity:140:8:140:Infinity:141:8:141:Infinity:142:8:142:Infinity:143:8:144:Infinity:145:8:146:Infinity":32,"s:135:4:147:Infinity":88,"s:137:12:137:Infinity":89,"s:144:12:144:Infinity":90,"s:146:12:146:Infinity":91,"f:150:9:150:20":10,"s:151:19:151:37":92,"b:152:4:152:Infinity:undefined:undefined:undefined:undefined":33,"s:152:4:152:Infinity":93,"b:152:8:152:15:152:19:152:36":34,"s:152:38:152:Infinity":94,"s:153:28:153:47":95,"s:155:25:155:44":96,"s:156:19:156:63":97,"b:158:4:185:Infinity:undefined:undefined:undefined:undefined":35,"s:158:4:185:Infinity":98,"s:159:32:172:9":99,"b:160:10:167:Infinity:168:10:172:9":36,"s:174:32:174:37":100,"s:175:8:182:Infinity":101,"b:176:12:181:Infinity:undefined:undefined:undefined:undefined":37,"s:176:12:181:Infinity":102,"s:177:16:177:Infinity":103,"s:178:16:178:Infinity":104,"s:179:16:179:Infinity":105,"s:180:16:180:Infinity":106,"b:184:8:184:Infinity:undefined:undefined:undefined:undefined":38,"s:184:8:184:Infinity":107,"s:184:32:184:Infinity":108,"s:187:4:187:Infinity":109,"s:188:4:188:Infinity":110,"s:189:4:189:Infinity":111,"s:191:4:191:Infinity":112,"s:192:4:192:Infinity":113,"f:195:9:195:18":11,"s:196:19:196:37":114,"b:197:4:197:Infinity:undefined:undefined:undefined:undefined":39,"s:197:4:197:Infinity":115,"b:197:8:197:15:197:19:197:36":40,"s:197:38:197:Infinity":116,"s:199:4:199:Infinity":117,"s:200:4:200:Infinity":118,"s:203:0:203:Infinity":119}}}
,"/home/madegryc/Documents/red-tetris/server/game/gameManager.js": {"path":"/home/madegryc/Documents/red-tetris/server/game/gameManager.js","statementMap":{"0":{"start":{"line":1,"column":34},"end":{"line":1,"column":60}},"1":{"start":{"line":2,"column":24},"end":{"line":2,"column":49}},"2":{"start":{"line":3,"column":22},"end":{"line":3,"column":44}},"3":{"start":{"line":4,"column":27},"end":{"line":4,"column":57}},"4":{"start":{"line":7,"column":4},"end":{"line":7,"column":null}},"5":{"start":{"line":9,"column":4},"end":{"line":12,"column":null}},"6":{"start":{"line":10,"column":8},"end":{"line":10,"column":null}},"7":{"start":{"line":11,"column":8},"end":{"line":11,"column":null}},"8":{"start":{"line":14,"column":19},"end":{"line":14,"column":40}},"9":{"start":{"line":15,"column":4},"end":{"line":15,"column":null}},"10":{"start":{"line":18,"column":8},"end":{"line":20,"column":null}},"11":{"start":{"line":19,"column":12},"end":{"line":19,"column":null}},"12":{"start":{"line":22,"column":18},"end":{"line":22,"column":38}},"13":{"start":{"line":23,"column":8},"end":{"line":23,"column":null}},"14":{"start":{"line":23,"column":16},"end":{"line":23,"column":null}},"15":{"start":{"line":25,"column":8},"end":{"line":32,"column":null}},"16":{"start":{"line":26,"column":34},"end":{"line":26,"column":54}},"17":{"start":{"line":27,"column":12},"end":{"line":30,"column":null}},"18":{"start":{"line":28,"column":16},"end":{"line":28,"column":null}},"19":{"start":{"line":29,"column":16},"end":{"line":29,"column":null}},"20":{"start":{"line":31,"column":12},"end":{"line":31,"column":null}},"21":{"start":{"line":35,"column":4},"end":{"line":35,"column":null}},"22":{"start":{"line":36,"column":4},"end":{"line":36,"column":null}},"23":{"start":{"line":41,"column":17},"end":{"line":41,"column":36}},"24":{"start":{"line":43,"column":4},"end":{"line":45,"column":null}},"25":{"start":{"line":44,"column":8},"end":{"line":44,"column":null}},"26":{"start":{"line":47,"column":4},"end":{"line":47,"column":null}},"27":{"start":{"line":48,"column":4},"end":{"line":48,"column":null}},"28":{"start":{"line":50,"column":4},"end":{"line":53,"column":null}},"29":{"start":{"line":51,"column":8},"end":{"line":51,"column":null}},"30":{"start":{"line":52,"column":8},"end":{"line":52,"column":null}},"31":{"start":{"line":56,"column":20},"end":{"line":56,"column":21}},"32":{"start":{"line":58,"column":21},"end":{"line":91,"column":12}},"33":{"start":{"line":59,"column":8},"end":{"line":59,"column":null}},"34":{"start":{"line":61,"column":8},"end":{"line":89,"column":null}},"35":{"start":{"line":62,"column":12},"end":{"line":62,"column":null}},"36":{"start":{"line":63,"column":12},"end":{"line":88,"column":null}},"37":{"start":{"line":64,"column":31},"end":{"line":64,"column":56}},"38":{"start":{"line":65,"column":16},"end":{"line":65,"column":null}},"39":{"start":{"line":69,"column":20},"end":{"line":69,"column":null}},"40":{"start":{"line":70,"column":30},"end":{"line":70,"column":54}},"41":{"start":{"line":71,"column":20},"end":{"line":71,"column":null}},"42":{"start":{"line":71,"column":28},"end":{"line":71,"column":null}},"43":{"start":{"line":73,"column":20},"end":{"line":83,"column":null}},"44":{"start":{"line":74,"column":46},"end":{"line":74,"column":70}},"45":{"start":{"line":75,"column":24},"end":{"line":78,"column":null}},"46":{"start":{"line":76,"column":28},"end":{"line":76,"column":null}},"47":{"start":{"line":77,"column":28},"end":{"line":77,"column":null}},"48":{"start":{"line":79,"column":47},"end":{"line":79,"column":84}},"49":{"start":{"line":80,"column":24},"end":{"line":82,"column":null}},"50":{"start":{"line":81,"column":28},"end":{"line":81,"column":null}},"51":{"start":{"line":86,"column":16},"end":{"line":86,"column":null}},"52":{"start":{"line":87,"column":16},"end":{"line":87,"column":null}},"53":{"start":{"line":87,"column":43},"end":{"line":87,"column":54}},"54":{"start":{"line":90,"column":8},"end":{"line":90,"column":null}},"55":{"start":{"line":95,"column":19},"end":{"line":95,"column":37}},"56":{"start":{"line":96,"column":4},"end":{"line":128,"column":null}},"57":{"start":{"line":97,"column":8},"end":{"line":97,"column":null}},"58":{"start":{"line":98,"column":8},"end":{"line":98,"column":null}},"59":{"start":{"line":100,"column":8},"end":{"line":127,"column":null}},"60":{"start":{"line":101,"column":25},"end":{"line":101,"column":49}},"61":{"start":{"line":102,"column":12},"end":{"line":126,"column":null}},"62":{"start":{"line":103,"column":16},"end":{"line":125,"column":null}},"63":{"start":{"line":104,"column":20},"end":{"line":106,"column":null}},"64":{"start":{"line":105,"column":24},"end":{"line":105,"column":null}},"65":{"start":{"line":107,"column":37},"end":{"line":107,"column":76}},"66":{"start":{"line":107,"column":62},"end":{"line":107,"column":75}},"67":{"start":{"line":108,"column":16},"end":{"line":108,"column":null}},"68":{"start":{"line":110,"column":16},"end":{"line":124,"column":null}},"69":{"start":{"line":111,"column":20},"end":{"line":111,"column":null}},"70":{"start":{"line":112,"column":20},"end":{"line":112,"column":null}},"71":{"start":{"line":113,"column":20},"end":{"line":119,"column":null}},"72":{"start":{"line":114,"column":24},"end":{"line":117,"column":null}},"73":{"start":{"line":118,"column":24},"end":{"line":118,"column":null}},"74":{"start":{"line":121,"column":20},"end":{"line":123,"column":null}},"75":{"start":{"line":122,"column":24},"end":{"line":122,"column":null}},"76":{"start":{"line":132,"column":4},"end":{"line":132,"column":null}},"77":{"start":{"line":134,"column":4},"end":{"line":134,"column":26}},"78":{"start":{"line":135,"column":4},"end":{"line":138,"column":null}},"79":{"start":{"line":136,"column":8},"end":{"line":136,"column":null}},"80":{"start":{"line":137,"column":8},"end":{"line":137,"column":null}},"81":{"start":{"line":139,"column":4},"end":{"line":139,"column":null}},"82":{"start":{"line":143,"column":19},"end":{"line":143,"column":37}},"83":{"start":{"line":144,"column":4},"end":{"line":147,"column":null}},"84":{"start":{"line":145,"column":8},"end":{"line":145,"column":null}},"85":{"start":{"line":146,"column":8},"end":{"line":146,"column":null}},"86":{"start":{"line":150,"column":0},"end":{"line":150,"column":null}}},"fnMap":{"0":{"name":"handleStartGame","decl":{"start":{"line":6,"column":9},"end":{"line":6,"column":24}},"loc":{"start":{"line":6,"column":33},"end":{"line":37,"column":null}},"line":6},"1":{"name":"startLoop","decl":{"start":{"line":17,"column":13},"end":{"line":17,"column":22}},"loc":{"start":{"line":17,"column":25},"end":{"line":33,"column":null}},"line":17},"2":{"name":"(anonymous_2)","decl":{"start":{"line":25,"column":43},"end":{"line":25,"column":44}},"loc":{"start":{"line":25,"column":49},"end":{"line":32,"column":9}},"line":25},"3":{"name":"handleStartMultiplayerGame","decl":{"start":{"line":40,"column":9},"end":{"line":40,"column":35}},"loc":{"start":{"line":40,"column":48},"end":{"line":92,"column":null}},"line":40},"4":{"name":"(anonymous_4)","decl":{"start":{"line":43,"column":25},"end":{"line":43,"column":31}},"loc":{"start":{"line":43,"column":35},"end":{"line":45,"column":5}},"line":43},"5":{"name":"(anonymous_5)","decl":{"start":{"line":50,"column":25},"end":{"line":50,"column":35}},"loc":{"start":{"line":50,"column":39},"end":{"line":53,"column":5}},"line":50},"6":{"name":"(anonymous_6)","decl":{"start":{"line":58,"column":33},"end":{"line":58,"column":34}},"loc":{"start":{"line":58,"column":39},"end":{"line":91,"column":5}},"line":58},"7":{"name":"(anonymous_7)","decl":{"start":{"line":63,"column":33},"end":{"line":63,"column":43}},"loc":{"start":{"line":63,"column":47},"end":{"line":88,"column":13}},"line":63},"8":{"name":"startLoop","decl":{"start":{"line":68,"column":25},"end":{"line":68,"column":34}},"loc":{"start":{"line":68,"column":37},"end":{"line":84,"column":null}},"line":68},"9":{"name":"(anonymous_9)","decl":{"start":{"line":73,"column":39},"end":{"line":73,"column":40}},"loc":{"start":{"line":73,"column":45},"end":{"line":83,"column":21}},"line":73},"10":{"name":"(anonymous_10)","decl":{"start":{"line":87,"column":37},"end":{"line":87,"column":38}},"loc":{"start":{"line":87,"column":43},"end":{"line":87,"column":54}},"line":87},"11":{"name":"handleGameOver","decl":{"start":{"line":94,"column":9},"end":{"line":94,"column":23}},"loc":{"start":{"line":94,"column":42},"end":{"line":129,"column":null}},"line":94},"12":{"name":"(anonymous_12)","decl":{"start":{"line":103,"column":37},"end":{"line":103,"column":38}},"loc":{"start":{"line":103,"column":42},"end":{"line":125,"column":17}},"line":103},"13":{"name":"(anonymous_13)","decl":{"start":{"line":107,"column":57},"end":{"line":107,"column":58}},"loc":{"start":{"line":107,"column":62},"end":{"line":107,"column":75}},"line":107},"14":{"name":"(anonymous_14)","decl":{"start":{"line":113,"column":41},"end":{"line":113,"column":42}},"loc":{"start":{"line":113,"column":46},"end":{"line":119,"column":21}},"line":113},"15":{"name":"(anonymous_15)","decl":{"start":{"line":121,"column":41},"end":{"line":121,"column":42}},"loc":{"start":{"line":121,"column":46},"end":{"line":123,"column":21}},"line":121},"16":{"name":"handleResetGame","decl":{"start":{"line":131,"column":9},"end":{"line":131,"column":24}},"loc":{"start":{"line":131,"column":33},"end":{"line":140,"column":null}},"line":131},"17":{"name":"handleStopGame","decl":{"start":{"line":142,"column":9},"end":{"line":142,"column":23}},"loc":{"start":{"line":142,"column":32},"end":{"line":148,"column":null}},"line":142}},"branchMap":{"0":{"loc":{"start":{"line":9,"column":4},"end":{"line":12,"column":null}},"type":"if","locations":[{"start":{"line":9,"column":4},"end":{"line":12,"column":null}},{"start":{},"end":{}}],"line":9},"1":{"loc":{"start":{"line":18,"column":8},"end":{"line":20,"column":null}},"type":"if","locations":[{"start":{"line":18,"column":8},"end":{"line":20,"column":null}},{"start":{},"end":{}}],"line":18},"2":{"loc":{"start":{"line":23,"column":8},"end":{"line":23,"column":null}},"type":"if","locations":[{"start":{"line":23,"column":8},"end":{"line":23,"column":null}},{"start":{},"end":{}}],"line":23},"3":{"loc":{"start":{"line":27,"column":12},"end":{"line":30,"column":null}},"type":"if","locations":[{"start":{"line":27,"column":12},"end":{"line":30,"column":null}},{"start":{},"end":{}}],"line":27},"4":{"loc":{"start":{"line":27,"column":16},"end":{"line":27,"column":58}},"type":"binary-expr","locations":[{"start":{"line":27,"column":16},"end":{"line":27,"column":30}},{"start":{"line":27,"column":34},"end":{"line":27,"column":58}}],"line":27},"5":{"loc":{"start":{"line":61,"column":8},"end":{"line":89,"column":null}},"type":"if","locations":[{"start":{"line":61,"column":8},"end":{"line":89,"column":null}},{"start":{},"end":{}}],"line":61},"6":{"loc":{"start":{"line":71,"column":20},"end":{"line":71,"column":null}},"type":"if","locations":[{"start":{"line":71,"column":20},"end":{"line":71,"column":null}},{"start":{},"end":{}}],"line":71},"7":{"loc":{"start":{"line":75,"column":24},"end":{"line":78,"column":null}},"type":"if","locations":[{"start":{"line":75,"column":24},"end":{"line":78,"column":null}},{"start":{},"end":{}}],"line":75},"8":{"loc":{"start":{"line":75,"column":28},"end":{"line":75,"column":63}},"type":"binary-expr","locations":[{"start":{"line":75,"column":28},"end":{"line":75,"column":42}},{"start":{"line":75,"column":46},"end":{"line":75,"column":63}}],"line":75},"9":{"loc":{"start":{"line":80,"column":24},"end":{"line":82,"column":null}},"type":"if","locations":[{"start":{"line":80,"column":24},"end":{"line":82,"column":null}},{"start":{},"end":{}}],"line":80},"10":{"loc":{"start":{"line":96,"column":4},"end":{"line":128,"column":null}},"type":"if","locations":[{"start":{"line":96,"column":4},"end":{"line":128,"column":null}},{"start":{},"end":{}}],"line":96},"11":{"loc":{"start":{"line":100,"column":8},"end":{"line":127,"column":null}},"type":"if","locations":[{"start":{"line":100,"column":8},"end":{"line":127,"column":null}},{"start":{},"end":{}}],"line":100},"12":{"loc":{"start":{"line":100,"column":12},"end":{"line":100,"column":31}},"type":"binary-expr","locations":[{"start":{"line":100,"column":12},"end":{"line":100,"column":16}},{"start":{"line":100,"column":20},"end":{"line":100,"column":31}}],"line":100},"13":{"loc":{"start":{"line":102,"column":12},"end":{"line":126,"column":null}},"type":"if","locations":[{"start":{"line":102,"column":12},"end":{"line":126,"column":null}},{"start":{},"end":{}}],"line":102},"14":{"loc":{"start":{"line":104,"column":20},"end":{"line":106,"column":null}},"type":"if","locations":[{"start":{"line":104,"column":20},"end":{"line":106,"column":null}},{"start":{},"end":{}}],"line":104},"15":{"loc":{"start":{"line":110,"column":16},"end":{"line":124,"column":null}},"type":"if","locations":[{"start":{"line":110,"column":16},"end":{"line":124,"column":null}},{"start":{"line":120,"column":23},"end":{"line":124,"column":null}}],"line":110},"16":{"loc":{"start":{"line":115,"column":36},"end":{"line":115,"column":86}},"type":"cond-expr","locations":[{"start":{"line":115,"column":64},"end":{"line":115,"column":79}},{"start":{"line":115,"column":82},"end":{"line":115,"column":86}}],"line":115},"17":{"loc":{"start":{"line":135,"column":4},"end":{"line":138,"column":null}},"type":"if","locations":[{"start":{"line":135,"column":4},"end":{"line":138,"column":null}},{"start":{},"end":{}}],"line":135},"18":{"loc":{"start":{"line":144,"column":4},"end":{"line":147,"column":null}},"type":"if","locations":[{"start":{"line":144,"column":4},"end":{"line":147,"column":null}},{"start":{},"end":{}}],"line":144}},"s":{"0":3,"1":3,"2":3,"3":3,"4":16,"5":16,"6":3,"7":3,"8":16,"9":16,"10":16,"11":0,"12":16,"13":16,"14":0,"15":16,"16":6,"17":6,"18":0,"19":0,"20":6,"21":16,"22":16,"23":0,"24":0,"25":0,"26":0,"27":0,"28":0,"29":0,"30":0,"31":0,"32":0,"33":0,"34":0,"35":0,"36":0,"37":0,"38":0,"39":0,"40":0,"41":0,"42":0,"43":0,"44":0,"45":0,"46":0,"47":0,"48":0,"49":0,"50":0,"51":0,"52":0,"53":0,"54":0,"55":6,"56":6,"57":5,"58":5,"59":5,"60":2,"61":2,"62":0,"63":0,"64":0,"65":0,"66":0,"67":0,"68":0,"69":0,"70":0,"71":0,"72":0,"73":0,"74":0,"75":0,"76":6,"77":6,"78":6,"79":3,"80":3,"81":6,"82":3,"83":3,"84":1,"85":1,"86":3},"f":{"0":16,"1":16,"2":6,"3":0,"4":0,"5":0,"6":0,"7":0,"8":0,"9":0,"10":0,"11":6,"12":0,"13":0,"14":0,"15":0,"16":6,"17":3},"b":{"0":[3,13],"1":[0,16],"2":[0,16],"3":[0,6],"4":[6,6],"5":[0,0],"6":[0,0],"7":[0,0],"8":[0,0],"9":[0,0],"10":[5,1],"11":[2,3],"12":[5,4],"13":[0,2],"14":[0,0],"15":[0,0],"16":[0,0],"17":[3,3],"18":[1,2]},"meta":{"lastBranch":19,"lastFunction":18,"lastStatement":87,"seen":{"s:1:34:1:60":0,"s:2:24:2:49":1,"s:3:22:3:44":2,"s:4:27:4:57":3,"f:6:9:6:24":0,"s:7:4:7:Infinity":4,"b:9:4:12:Infinity:undefined:undefined:undefined:undefined":0,"s:9:4:12:Infinity":5,"s:10:8:10:Infinity":6,"s:11:8:11:Infinity":7,"s:14:19:14:40":8,"s:15:4:15:Infinity":9,"f:17:13:17:22":1,"b:18:8:20:Infinity:undefined:undefined:undefined:undefined":1,"s:18:8:20:Infinity":10,"s:19:12:19:Infinity":11,"s:22:18:22:38":12,"b:23:8:23:Infinity:undefined:undefined:undefined:undefined":2,"s:23:8:23:Infinity":13,"s:23:16:23:Infinity":14,"s:25:8:32:Infinity":15,"f:25:43:25:44":2,"s:26:34:26:54":16,"b:27:12:30:Infinity:undefined:undefined:undefined:undefined":3,"s:27:12:30:Infinity":17,"b:27:16:27:30:27:34:27:58":4,"s:28:16:28:Infinity":18,"s:29:16:29:Infinity":19,"s:31:12:31:Infinity":20,"s:35:4:35:Infinity":21,"s:36:4:36:Infinity":22,"f:40:9:40:35":3,"s:41:17:41:36":23,"s:43:4:45:Infinity":24,"f:43:25:43:31":4,"s:44:8:44:Infinity":25,"s:47:4:47:Infinity":26,"s:48:4:48:Infinity":27,"s:50:4:53:Infinity":28,"f:50:25:50:35":5,"s:51:8:51:Infinity":29,"s:52:8:52:Infinity":30,"s:56:20:56:21":31,"s:58:21:91:12":32,"f:58:33:58:34":6,"s:59:8:59:Infinity":33,"b:61:8:89:Infinity:undefined:undefined:undefined:undefined":5,"s:61:8:89:Infinity":34,"s:62:12:62:Infinity":35,"s:63:12:88:Infinity":36,"f:63:33:63:43":7,"s:64:31:64:56":37,"s:65:16:65:Infinity":38,"f:68:25:68:34":8,"s:69:20:69:Infinity":39,"s:70:30:70:54":40,"b:71:20:71:Infinity:undefined:undefined:undefined:undefined":6,"s:71:20:71:Infinity":41,"s:71:28:71:Infinity":42,"s:73:20:83:Infinity":43,"f:73:39:73:40":9,"s:74:46:74:70":44,"b:75:24:78:Infinity:undefined:undefined:undefined:undefined":7,"s:75:24:78:Infinity":45,"b:75:28:75:42:75:46:75:63":8,"s:76:28:76:Infinity":46,"s:77:28:77:Infinity":47,"s:79:47:79:84":48,"b:80:24:82:Infinity:undefined:undefined:undefined:undefined":9,"s:80:24:82:Infinity":49,"s:81:28:81:Infinity":50,"s:86:16:86:Infinity":51,"s:87:16:87:Infinity":52,"f:87:37:87:38":10,"s:87:43:87:54":53,"s:90:8:90:Infinity":54,"f:94:9:94:23":11,"s:95:19:95:37":55,"b:96:4:128:Infinity:undefined:undefined:undefined:undefined":10,"s:96:4:128:Infinity":56,"s:97:8:97:Infinity":57,"s:98:8:98:Infinity":58,"b:100:8:127:Infinity:undefined:undefined:undefined:undefined":11,"s:100:8:127:Infinity":59,"b:100:12:100:16:100:20:100:31":12,"s:101:25:101:49":60,"b:102:12:126:Infinity:undefined:undefined:undefined:undefined":13,"s:102:12:126:Infinity":61,"s:103:16:125:Infinity":62,"f:103:37:103:38":12,"b:104:20:106:Infinity:undefined:undefined:undefined:undefined":14,"s:104:20:106:Infinity":63,"s:105:24:105:Infinity":64,"s:107:37:107:76":65,"f:107:57:107:58":13,"s:107:62:107:75":66,"s:108:16:108:Infinity":67,"b:110:16:124:Infinity:120:23:124:Infinity":15,"s:110:16:124:Infinity":68,"s:111:20:111:Infinity":69,"s:112:20:112:Infinity":70,"s:113:20:119:Infinity":71,"f:113:41:113:42":14,"s:114:24:117:Infinity":72,"b:115:64:115:79:115:82:115:86":16,"s:118:24:118:Infinity":73,"s:121:20:123:Infinity":74,"f:121:41:121:42":15,"s:122:24:122:Infinity":75,"f:131:9:131:24":16,"s:132:4:132:Infinity":76,"s:134:4:134:26":77,"b:135:4:138:Infinity:undefined:undefined:undefined:undefined":17,"s:135:4:138:Infinity":78,"s:136:8:136:Infinity":79,"s:137:8:137:Infinity":80,"s:139:4:139:Infinity":81,"f:142:9:142:23":17,"s:143:19:143:37":82,"b:144:4:147:Infinity:undefined:undefined:undefined:undefined":18,"s:144:4:147:Infinity":83,"s:145:8:145:Infinity":84,"s:146:8:146:Infinity":85,"s:150:0:150:Infinity":86}}}
,"/home/madegryc/Documents/red-tetris/server/game/lobbyManager.js": {"path":"/home/madegryc/Documents/red-tetris/server/game/lobbyManager.js","statementMap":{"0":{"start":{"line":1,"column":14},"end":{"line":1,"column":16}},"1":{"start":{"line":2,"column":19},"end":{"line":2,"column":21}},"2":{"start":{"line":3,"column":20},"end":{"line":3,"column":22}},"3":{"start":{"line":6,"column":19},"end":{"line":6,"column":68}},"4":{"start":{"line":7,"column":4},"end":{"line":11,"column":null}},"5":{"start":{"line":12,"column":4},"end":{"line":12,"column":null}},"6":{"start":{"line":13,"column":4},"end":{"line":13,"column":null}},"7":{"start":{"line":14,"column":4},"end":{"line":14,"column":null}},"8":{"start":{"line":15,"column":4},"end":{"line":15,"column":null}},"9":{"start":{"line":16,"column":4},"end":{"line":16,"column":null}},"10":{"start":{"line":21,"column":17},"end":{"line":21,"column":35}},"11":{"start":{"line":23,"column":4},"end":{"line":60,"column":null}},"12":{"start":{"line":24,"column":8},"end":{"line":27,"column":null}},"13":{"start":{"line":25,"column":12},"end":{"line":25,"column":null}},"14":{"start":{"line":26,"column":12},"end":{"line":26,"column":null}},"15":{"start":{"line":28,"column":8},"end":{"line":31,"column":null}},"16":{"start":{"line":29,"column":12},"end":{"line":29,"column":null}},"17":{"start":{"line":30,"column":12},"end":{"line":30,"column":null}},"18":{"start":{"line":32,"column":8},"end":{"line":35,"column":null}},"19":{"start":{"line":33,"column":12},"end":{"line":33,"column":null}},"20":{"start":{"line":34,"column":12},"end":{"line":34,"column":null}},"21":{"start":{"line":36,"column":33},"end":{"line":36,"column":110}},"22":{"start":{"line":36,"column":61},"end":{"line":36,"column":109}},"23":{"start":{"line":37,"column":8},"end":{"line":39,"column":9}},"24":{"start":{"line":38,"column":12},"end":{"line":38,"column":null}},"25":{"start":{"line":41,"column":31},"end":{"line":41,"column":86}},"26":{"start":{"line":41,"column":59},"end":{"line":41,"column":85}},"27":{"start":{"line":42,"column":8},"end":{"line":45,"column":null}},"28":{"start":{"line":43,"column":12},"end":{"line":43,"column":null}},"29":{"start":{"line":44,"column":12},"end":{"line":44,"column":null}},"30":{"start":{"line":46,"column":8},"end":{"line":46,"column":null}},"31":{"start":{"line":47,"column":8},"end":{"line":47,"column":null}},"32":{"start":{"line":48,"column":8},"end":{"line":48,"column":null}},"33":{"start":{"line":49,"column":8},"end":{"line":49,"column":null}},"34":{"start":{"line":50,"column":8},"end":{"line":53,"column":null}},"35":{"start":{"line":51,"column":12},"end":{"line":51,"column":null}},"36":{"start":{"line":54,"column":8},"end":{"line":56,"column":null}},"37":{"start":{"line":55,"column":12},"end":{"line":55,"column":null}},"38":{"start":{"line":57,"column":8},"end":{"line":57,"column":null}},"39":{"start":{"line":59,"column":8},"end":{"line":59,"column":null}},"40":{"start":{"line":64,"column":17},"end":{"line":64,"column":33}},"41":{"start":{"line":65,"column":4},"end":{"line":74,"column":null}},"42":{"start":{"line":66,"column":23},"end":{"line":66,"column":65}},"43":{"start":{"line":66,"column":46},"end":{"line":66,"column":64}},"44":{"start":{"line":67,"column":8},"end":{"line":73,"column":null}},"45":{"start":{"line":68,"column":12},"end":{"line":68,"column":null}},"46":{"start":{"line":70,"column":12},"end":{"line":72,"column":null}},"47":{"start":{"line":71,"column":16},"end":{"line":71,"column":null}},"48":{"start":{"line":78,"column":4},"end":{"line":78,"column":null}},"49":{"start":{"line":80,"column":4},"end":{"line":87,"column":null}},"50":{"start":{"line":81,"column":21},"end":{"line":81,"column":34}},"51":{"start":{"line":82,"column":8},"end":{"line":86,"column":null}},"52":{"start":{"line":83,"column":12},"end":{"line":83,"column":null}},"53":{"start":{"line":84,"column":12},"end":{"line":84,"column":null}},"54":{"start":{"line":85,"column":12},"end":{"line":85,"column":null}},"55":{"start":{"line":91,"column":4},"end":{"line":95,"column":null}},"56":{"start":{"line":92,"column":8},"end":{"line":92,"column":null}},"57":{"start":{"line":93,"column":8},"end":{"line":93,"column":null}},"58":{"start":{"line":94,"column":8},"end":{"line":94,"column":null}},"59":{"start":{"line":99,"column":17},"end":{"line":99,"column":54}},"60":{"start":{"line":100,"column":4},"end":{"line":100,"column":null}},"61":{"start":{"line":100,"column":15},"end":{"line":100,"column":null}},"62":{"start":{"line":101,"column":24},"end":{"line":101,"column":71}},"63":{"start":{"line":101,"column":52},"end":{"line":101,"column":70}},"64":{"start":{"line":102,"column":4},"end":{"line":119,"column":null}},"65":{"start":{"line":103,"column":23},"end":{"line":103,"column":34}},"66":{"start":{"line":104,"column":8},"end":{"line":104,"column":null}},"67":{"start":{"line":105,"column":8},"end":{"line":105,"column":null}},"68":{"start":{"line":106,"column":8},"end":{"line":106,"column":null}},"69":{"start":{"line":107,"column":8},"end":{"line":107,"column":null}},"70":{"start":{"line":108,"column":8},"end":{"line":115,"column":9}},"71":{"start":{"line":109,"column":12},"end":{"line":109,"column":null}},"72":{"start":{"line":111,"column":12},"end":{"line":111,"column":null}},"73":{"start":{"line":112,"column":12},"end":{"line":112,"column":null}},"74":{"start":{"line":113,"column":15},"end":{"line":115,"column":9}},"75":{"start":{"line":114,"column":12},"end":{"line":114,"column":null}},"76":{"start":{"line":116,"column":8},"end":{"line":118,"column":null}},"77":{"start":{"line":117,"column":12},"end":{"line":117,"column":null}},"78":{"start":{"line":123,"column":4},"end":{"line":123,"column":null}},"79":{"start":{"line":127,"column":4},"end":{"line":127,"column":null}},"80":{"start":{"line":130,"column":0},"end":{"line":130,"column":null}}},"fnMap":{"0":{"name":"createLobby","decl":{"start":{"line":5,"column":9},"end":{"line":5,"column":20}},"loc":{"start":{"line":5,"column":29},"end":{"line":17,"column":null}},"line":5},"1":{"name":"joinLobby","decl":{"start":{"line":20,"column":9},"end":{"line":20,"column":18}},"loc":{"start":{"line":20,"column":37},"end":{"line":61,"column":null}},"line":20},"2":{"name":"(anonymous_2)","decl":{"start":{"line":36,"column":56},"end":{"line":36,"column":57}},"loc":{"start":{"line":36,"column":61},"end":{"line":36,"column":109}},"line":36},"3":{"name":"(anonymous_3)","decl":{"start":{"line":41,"column":54},"end":{"line":41,"column":55}},"loc":{"start":{"line":41,"column":59},"end":{"line":41,"column":85}},"line":41},"4":{"name":"(anonymous_4)","decl":{"start":{"line":54,"column":29},"end":{"line":54,"column":35}},"loc":{"start":{"line":54,"column":39},"end":{"line":56,"column":9}},"line":54},"5":{"name":"toggleReadyLobby","decl":{"start":{"line":63,"column":9},"end":{"line":63,"column":25}},"loc":{"start":{"line":63,"column":38},"end":{"line":75,"column":null}},"line":63},"6":{"name":"(anonymous_6)","decl":{"start":{"line":66,"column":41},"end":{"line":66,"column":42}},"loc":{"start":{"line":66,"column":46},"end":{"line":66,"column":64}},"line":66},"7":{"name":"(anonymous_7)","decl":{"start":{"line":70,"column":33},"end":{"line":70,"column":34}},"loc":{"start":{"line":70,"column":38},"end":{"line":72,"column":13}},"line":70},"8":{"name":"startRoomTimer","decl":{"start":{"line":77,"column":9},"end":{"line":77,"column":23}},"loc":{"start":{"line":77,"column":32},"end":{"line":88,"column":null}},"line":77},"9":{"name":"(anonymous_9)","decl":{"start":{"line":80,"column":36},"end":{"line":80,"column":37}},"loc":{"start":{"line":80,"column":42},"end":{"line":87,"column":5}},"line":80},"10":{"name":"clearRoomTimer","decl":{"start":{"line":90,"column":9},"end":{"line":90,"column":23}},"loc":{"start":{"line":90,"column":32},"end":{"line":96,"column":null}},"line":90},"11":{"name":"removePlayerFromLobby","decl":{"start":{"line":98,"column":9},"end":{"line":98,"column":30}},"loc":{"start":{"line":98,"column":39},"end":{"line":120,"column":null}},"line":98},"12":{"name":"(anonymous_12)","decl":{"start":{"line":101,"column":47},"end":{"line":101,"column":48}},"loc":{"start":{"line":101,"column":52},"end":{"line":101,"column":70}},"line":101},"13":{"name":"(anonymous_13)","decl":{"start":{"line":116,"column":29},"end":{"line":116,"column":35}},"loc":{"start":{"line":116,"column":39},"end":{"line":118,"column":9}},"line":116},"14":{"name":"getRoomById","decl":{"start":{"line":122,"column":9},"end":{"line":122,"column":20}},"loc":{"start":{"line":122,"column":29},"end":{"line":124,"column":null}},"line":122},"15":{"name":"getPlayerRoom","decl":{"start":{"line":126,"column":9},"end":{"line":126,"column":22}},"loc":{"start":{"line":126,"column":33},"end":{"line":128,"column":null}},"line":126}},"branchMap":{"0":{"loc":{"start":{"line":23,"column":4},"end":{"line":60,"column":null}},"type":"if","locations":[{"start":{"line":23,"column":4},"end":{"line":60,"column":null}},{"start":{"line":58,"column":11},"end":{"line":60,"column":null}}],"line":23},"1":{"loc":{"start":{"line":24,"column":8},"end":{"line":27,"column":null}},"type":"if","locations":[{"start":{"line":24,"column":8},"end":{"line":27,"column":null}},{"start":{},"end":{}}],"line":24},"2":{"loc":{"start":{"line":28,"column":8},"end":{"line":31,"column":null}},"type":"if","locations":[{"start":{"line":28,"column":8},"end":{"line":31,"column":null}},{"start":{},"end":{}}],"line":28},"3":{"loc":{"start":{"line":32,"column":8},"end":{"line":35,"column":null}},"type":"if","locations":[{"start":{"line":32,"column":8},"end":{"line":35,"column":null}},{"start":{},"end":{}}],"line":32},"4":{"loc":{"start":{"line":32,"column":12},"end":{"line":32,"column":69}},"type":"binary-expr","locations":[{"start":{"line":32,"column":12},"end":{"line":32,"column":38}},{"start":{"line":32,"column":42},"end":{"line":32,"column":69}}],"line":32},"5":{"loc":{"start":{"line":36,"column":61},"end":{"line":36,"column":109}},"type":"binary-expr","locations":[{"start":{"line":36,"column":61},"end":{"line":36,"column":87}},{"start":{"line":36,"column":91},"end":{"line":36,"column":109}}],"line":36},"6":{"loc":{"start":{"line":37,"column":8},"end":{"line":39,"column":9}},"type":"if","locations":[{"start":{"line":37,"column":8},"end":{"line":39,"column":9}},{"start":{},"end":{}}],"line":37},"7":{"loc":{"start":{"line":42,"column":8},"end":{"line":45,"column":null}},"type":"if","locations":[{"start":{"line":42,"column":8},"end":{"line":45,"column":null}},{"start":{},"end":{}}],"line":42},"8":{"loc":{"start":{"line":50,"column":8},"end":{"line":53,"column":null}},"type":"if","locations":[{"start":{"line":50,"column":8},"end":{"line":53,"column":null}},{"start":{},"end":{}}],"line":50},"9":{"loc":{"start":{"line":65,"column":4},"end":{"line":74,"column":null}},"type":"if","locations":[{"start":{"line":65,"column":4},"end":{"line":74,"column":null}},{"start":{},"end":{}}],"line":65},"10":{"loc":{"start":{"line":67,"column":8},"end":{"line":73,"column":null}},"type":"if","locations":[{"start":{"line":67,"column":8},"end":{"line":73,"column":null}},{"start":{},"end":{}}],"line":67},"11":{"loc":{"start":{"line":82,"column":8},"end":{"line":86,"column":null}},"type":"if","locations":[{"start":{"line":82,"column":8},"end":{"line":86,"column":null}},{"start":{},"end":{}}],"line":82},"12":{"loc":{"start":{"line":82,"column":12},"end":{"line":82,"column":45}},"type":"binary-expr","locations":[{"start":{"line":82,"column":12},"end":{"line":82,"column":16}},{"start":{"line":82,"column":20},"end":{"line":82,"column":45}}],"line":82},"13":{"loc":{"start":{"line":91,"column":4},"end":{"line":95,"column":null}},"type":"if","locations":[{"start":{"line":91,"column":4},"end":{"line":95,"column":null}},{"start":{},"end":{}}],"line":91},"14":{"loc":{"start":{"line":100,"column":4},"end":{"line":100,"column":null}},"type":"if","locations":[{"start":{"line":100,"column":4},"end":{"line":100,"column":null}},{"start":{},"end":{}}],"line":100},"15":{"loc":{"start":{"line":102,"column":4},"end":{"line":119,"column":null}},"type":"if","locations":[{"start":{"line":102,"column":4},"end":{"line":119,"column":null}},{"start":{},"end":{}}],"line":102},"16":{"loc":{"start":{"line":108,"column":8},"end":{"line":115,"column":9}},"type":"if","locations":[{"start":{"line":108,"column":8},"end":{"line":115,"column":9}},{"start":{"line":113,"column":15},"end":{"line":115,"column":9}}],"line":108},"17":{"loc":{"start":{"line":113,"column":15},"end":{"line":115,"column":9}},"type":"if","locations":[{"start":{"line":113,"column":15},"end":{"line":115,"column":9}},{"start":{},"end":{}}],"line":113}},"s":{"0":10,"1":10,"2":10,"3":0,"4":0,"5":0,"6":22,"7":22,"8":22,"9":22,"10":22,"11":22,"12":22,"13":22,"14":22,"15":0,"16":0,"17":1,"18":1,"19":22,"20":1,"21":1,"22":21,"23":2,"24":2,"25":2,"26":19,"27":11,"28":19,"29":19,"30":19,"31":11,"32":19,"33":1,"34":1,"35":18,"36":18,"37":18,"38":12,"39":28,"40":18,"41":18,"42":18,"43":1,"44":1,"45":1,"46":2,"47":2,"48":0,"49":0,"50":2,"51":2,"52":0,"53":25,"54":25,"55":0,"56":0,"57":0,"58":0,"59":43,"60":12,"61":12,"62":12,"63":12,"64":12,"65":0,"66":0,"67":0,"68":4,"69":4,"70":4,"71":4,"72":4,"73":4,"74":4,"75":4,"76":3,"77":3,"78":663,"79":661,"80":1},"f":{"0":0,"1":22,"2":21,"3":19,"4":18,"5":28,"6":1,"7":2,"8":0,"9":2,"10":0,"11":43,"12":12,"13":3,"14":663,"15":661},"b":{"0":[22,28],"1":[22,0],"2":[0,0],"3":[1,0],"4":[1,1],"5":[21,20],"6":[2,0],"7":[1,10],"8":[18,-17],"9":[18,0],"10":[1,0],"11":[0,2],"12":[2,2],"13":[0,0],"14":[12,0],"15":[0,12],"16":[4,4],"17":[4,0]},"meta":{"lastBranch":18,"lastFunction":16,"lastStatement":81,"seen":{"s:1:14:1:16":0,"s:2:19:2:21":1,"s:3:20:3:22":2,"f:5:9:5:20":0,"s:6:19:6:68":3,"s:7:4:11:Infinity":4,"s:12:4:12:Infinity":5,"s:13:4:13:Infinity":6,"s:14:4:14:Infinity":7,"s:15:4:15:Infinity":8,"s:16:4:16:Infinity":9,"f:20:9:20:18":1,"s:21:17:21:35":10,"b:23:4:60:Infinity:58:11:60:Infinity":0,"s:23:4:60:Infinity":11,"b:24:8:27:Infinity:undefined:undefined:undefined:undefined":1,"s:24:8:27:Infinity":12,"s:25:12:25:Infinity":13,"s:26:12:26:Infinity":14,"b:28:8:31:Infinity:undefined:undefined:undefined:undefined":2,"s:28:8:31:Infinity":15,"s:29:12:29:Infinity":16,"s:30:12:30:Infinity":17,"b:32:8:35:Infinity:undefined:undefined:undefined:undefined":3,"s:32:8:35:Infinity":18,"b:32:12:32:38:32:42:32:69":4,"s:33:12:33:Infinity":19,"s:34:12:34:Infinity":20,"s:36:33:36:110":21,"f:36:56:36:57":2,"s:36:61:36:109":22,"b:36:61:36:87:36:91:36:109":5,"b:37:8:39:9:undefined:undefined:undefined:undefined":6,"s:37:8:39:9":23,"s:38:12:38:Infinity":24,"s:41:31:41:86":25,"f:41:54:41:55":3,"s:41:59:41:85":26,"b:42:8:45:Infinity:undefined:undefined:undefined:undefined":7,"s:42:8:45:Infinity":27,"s:43:12:43:Infinity":28,"s:44:12:44:Infinity":29,"s:46:8:46:Infinity":30,"s:47:8:47:Infinity":31,"s:48:8:48:Infinity":32,"s:49:8:49:Infinity":33,"b:50:8:53:Infinity:undefined:undefined:undefined:undefined":8,"s:50:8:53:Infinity":34,"s:51:12:51:Infinity":35,"s:54:8:56:Infinity":36,"f:54:29:54:35":4,"s:55:12:55:Infinity":37,"s:57:8:57:Infinity":38,"s:59:8:59:Infinity":39,"f:63:9:63:25":5,"s:64:17:64:33":40,"b:65:4:74:Infinity:undefined:undefined:undefined:undefined":9,"s:65:4:74:Infinity":41,"s:66:23:66:65":42,"f:66:41:66:42":6,"s:66:46:66:64":43,"b:67:8:73:Infinity:undefined:undefined:undefined:undefined":10,"s:67:8:73:Infinity":44,"s:68:12:68:Infinity":45,"s:70:12:72:Infinity":46,"f:70:33:70:34":7,"s:71:16:71:Infinity":47,"f:77:9:77:23":8,"s:78:4:78:Infinity":48,"s:80:4:87:Infinity":49,"f:80:36:80:37":9,"s:81:21:81:34":50,"b:82:8:86:Infinity:undefined:undefined:undefined:undefined":11,"s:82:8:86:Infinity":51,"b:82:12:82:16:82:20:82:45":12,"s:83:12:83:Infinity":52,"s:84:12:84:Infinity":53,"s:85:12:85:Infinity":54,"f:90:9:90:23":10,"b:91:4:95:Infinity:undefined:undefined:undefined:undefined":13,"s:91:4:95:Infinity":55,"s:92:8:92:Infinity":56,"s:93:8:93:Infinity":57,"s:94:8:94:Infinity":58,"f:98:9:98:30":11,"s:99:17:99:54":59,"b:100:4:100:Infinity:undefined:undefined:undefined:undefined":14,"s:100:4:100:Infinity":60,"s:100:15:100:Infinity":61,"s:101:24:101:71":62,"f:101:47:101:48":12,"s:101:52:101:70":63,"b:102:4:119:Infinity:undefined:undefined:undefined:undefined":15,"s:102:4:119:Infinity":64,"s:103:23:103:34":65,"s:104:8:104:Infinity":66,"s:105:8:105:Infinity":67,"s:106:8:106:Infinity":68,"s:107:8:107:Infinity":69,"b:108:8:115:9:113:15:115:9":16,"s:108:8:115:9":70,"s:109:12:109:Infinity":71,"s:111:12:111:Infinity":72,"s:112:12:112:Infinity":73,"b:113:15:115:9:undefined:undefined:undefined:undefined":17,"s:113:15:115:9":74,"s:114:12:114:Infinity":75,"s:116:8:118:Infinity":76,"f:116:29:116:35":13,"s:117:12:117:Infinity":77,"f:122:9:122:20":14,"s:123:4:123:Infinity":78,"f:126:9:126:22":15,"s:127:4:127:Infinity":79,"s:130:0:130:Infinity":80}}}
,"/home/madegryc/Documents/red-tetris/server/game/playerManager.js": {"path":"/home/madegryc/Documents/red-tetris/server/game/playerManager.js","statementMap":{"0":{"start":{"line":1,"column":27},"end":{"line":1,"column":57}},"1":{"start":{"line":2,"column":39},"end":{"line":2,"column":64}},"2":{"start":{"line":4,"column":16},"end":{"line":4,"column":18}},"3":{"start":{"line":7,"column":4},"end":{"line":18,"column":null}},"4":{"start":{"line":8,"column":47},"end":{"line":8,"column":67}},"5":{"start":{"line":20,"column":17},"end":{"line":20,"column":53}},"6":{"start":{"line":21,"column":4},"end":{"line":35,"column":null}},"7":{"start":{"line":22,"column":29},"end":{"line":22,"column":70}},"8":{"start":{"line":22,"column":52},"end":{"line":22,"column":69}},"9":{"start":{"line":23,"column":8},"end":{"line":34,"column":null}},"10":{"start":{"line":24,"column":12},"end":{"line":24,"column":null}},"11":{"start":{"line":25,"column":12},"end":{"line":25,"column":null}},"12":{"start":{"line":26,"column":12},"end":{"line":26,"column":null}},"13":{"start":{"line":27,"column":12},"end":{"line":27,"column":null}},"14":{"start":{"line":28,"column":12},"end":{"line":28,"column":null}},"15":{"start":{"line":29,"column":12},"end":{"line":29,"column":null}},"16":{"start":{"line":30,"column":12},"end":{"line":30,"column":null}},"17":{"start":{"line":31,"column":12},"end":{"line":31,"column":null}},"18":{"start":{"line":32,"column":12},"end":{"line":32,"column":null}},"19":{"start":{"line":37,"column":4},"end":{"line":37,"column":null}},"20":{"start":{"line":41,"column":4},"end":{"line":41,"column":null}},"21":{"start":{"line":45,"column":4},"end":{"line":45,"column":null}},"22":{"start":{"line":48,"column":0},"end":{"line":48,"column":null}}},"fnMap":{"0":{"name":"initPlayer","decl":{"start":{"line":6,"column":9},"end":{"line":6,"column":19}},"loc":{"start":{"line":6,"column":30},"end":{"line":38,"column":null}},"line":6},"1":{"name":"(anonymous_1)","decl":{"start":{"line":8,"column":41},"end":{"line":8,"column":42}},"loc":{"start":{"line":8,"column":47},"end":{"line":8,"column":67}},"line":8},"2":{"name":"(anonymous_2)","decl":{"start":{"line":22,"column":47},"end":{"line":22,"column":48}},"loc":{"start":{"line":22,"column":52},"end":{"line":22,"column":69}},"line":22},"3":{"name":"getPlayer","decl":{"start":{"line":40,"column":9},"end":{"line":40,"column":18}},"loc":{"start":{"line":40,"column":29},"end":{"line":42,"column":null}},"line":40},"4":{"name":"deletePlayer","decl":{"start":{"line":44,"column":9},"end":{"line":44,"column":21}},"loc":{"start":{"line":44,"column":32},"end":{"line":46,"column":null}},"line":44}},"branchMap":{"0":{"loc":{"start":{"line":21,"column":4},"end":{"line":35,"column":null}},"type":"if","locations":[{"start":{"line":21,"column":4},"end":{"line":35,"column":null}},{"start":{},"end":{}}],"line":21},"1":{"loc":{"start":{"line":23,"column":8},"end":{"line":34,"column":null}},"type":"if","locations":[{"start":{"line":23,"column":8},"end":{"line":34,"column":null}},{"start":{},"end":{}}],"line":23}},"s":{"0":8,"1":8,"2":8,"3":22,"4":484,"5":22,"6":22,"7":0,"8":0,"9":0,"10":0,"11":0,"12":0,"13":0,"14":0,"15":0,"16":0,"17":0,"18":0,"19":0,"20":22,"21":0,"22":0},"f":{"0":22,"1":484,"2":0,"3":22,"4":0},"b":{"0":[0,22],"1":[0,0]},"meta":{"lastBranch":2,"lastFunction":5,"lastStatement":23,"seen":{"s:1:27:1:57":0,"s:2:39:2:64":1,"s:4:16:4:18":2,"f:6:9:6:19":0,"s:7:4:18:Infinity":3,"f:8:41:8:42":1,"s:8:47:8:67":4,"s:20:17:20:53":5,"b:21:4:35:Infinity:undefined:undefined:undefined:undefined":0,"s:21:4:35:Infinity":6,"s:22:29:22:70":7,"f:22:47:22:48":2,"s:22:52:22:69":8,"b:23:8:34:Infinity:undefined:undefined:undefined:undefined":1,"s:23:8:34:Infinity":9,"s:24:12:24:Infinity":10,"s:25:12:25:Infinity":11,"s:26:12:26:Infinity":12,"s:27:12:27:Infinity":13,"s:28:12:28:Infinity":14,"s:29:12:29:Infinity":15,"s:30:12:30:Infinity":16,"s:31:12:31:Infinity":17,"s:32:12:32:Infinity":18,"s:37:4:37:Infinity":19,"f:40:9:40:18":3,"s:41:4:41:Infinity":20,"f:44:9:44:21":4,"s:45:4:45:Infinity":21,"s:48:0:48:Infinity":22}}}
,"/home/madegryc/Documents/red-tetris/server/utils/blockUtils.js": {"path":"/home/madegryc/Documents/red-tetris/server/utils/blockUtils.js","statementMap":{"0":{"start":{"line":1,"column":20},"end":{"line":9,"column":1}},"1":{"start":{"line":11,"column":15},"end":{"line":47,"column":1}},"2":{"start":{"line":50,"column":23},"end":{"line":50,"column":42}},"3":{"start":{"line":51,"column":17},"end":{"line":51,"column":74}},"4":{"start":{"line":52,"column":18},"end":{"line":52,"column":30}},"5":{"start":{"line":53,"column":18},"end":{"line":53,"column":35}},"6":{"start":{"line":55,"column":4},"end":{"line":55,"column":null}},"7":{"start":{"line":58,"column":0},"end":{"line":58,"column":null}}},"fnMap":{"0":{"name":"getRandomBlock","decl":{"start":{"line":49,"column":9},"end":{"line":49,"column":23}},"loc":{"start":{"line":49,"column":26},"end":{"line":56,"column":null}},"line":49}},"branchMap":{},"s":{"0":10,"1":10,"2":318,"3":318,"4":318,"5":318,"6":64,"7":64},"f":{"0":318},"b":{},"meta":{"lastBranch":0,"lastFunction":1,"lastStatement":8,"seen":{"s:1:20:9:1":0,"s:11:15:47:1":1,"f:49:9:49:23":0,"s:50:23:50:42":2,"s:51:17:51:74":3,"s:52:18:52:30":4,"s:53:18:53:35":5,"s:55:4:55:Infinity":6,"s:58:0:58:Infinity":7}}}
,"/home/madegryc/Documents/red-tetris/server/utils/gridUtils.js": {"path":"/home/madegryc/Documents/red-tetris/server/utils/gridUtils.js","statementMap":{"0":{"start":{"line":2,"column":45},"end":{"line":2,"column":51}},"1":{"start":{"line":3,"column":24},"end":{"line":3,"column":52}},"2":{"start":{"line":3,"column":40},"end":{"line":3,"column":51}},"3":{"start":{"line":5,"column":4},"end":{"line":15,"column":null}},"4":{"start":{"line":6,"column":8},"end":{"line":14,"column":null}},"5":{"start":{"line":7,"column":12},"end":{"line":13,"column":null}},"6":{"start":{"line":8,"column":30},"end":{"line":8,"column":44}},"7":{"start":{"line":9,"column":30},"end":{"line":9,"column":44}},"8":{"start":{"line":10,"column":16},"end":{"line":12,"column":null}},"9":{"start":{"line":11,"column":20},"end":{"line":11,"column":null}},"10":{"start":{"line":17,"column":4},"end":{"line":17,"column":null}},"11":{"start":{"line":20,"column":0},"end":{"line":20,"column":null}}},"fnMap":{"0":{"name":"getDynamicGrid","decl":{"start":{"line":1,"column":9},"end":{"line":1,"column":23}},"loc":{"start":{"line":1,"column":32},"end":{"line":18,"column":null}},"line":1},"1":{"name":"(anonymous_1)","decl":{"start":{"line":3,"column":33},"end":{"line":3,"column":36}},"loc":{"start":{"line":3,"column":40},"end":{"line":3,"column":51}},"line":3},"2":{"name":"(anonymous_2)","decl":{"start":{"line":5,"column":31},"end":{"line":5,"column":32}},"loc":{"start":{"line":5,"column":43},"end":{"line":15,"column":5}},"line":5},"3":{"name":"(anonymous_3)","decl":{"start":{"line":6,"column":20},"end":{"line":6,"column":21}},"loc":{"start":{"line":6,"column":33},"end":{"line":14,"column":9}},"line":6}},"branchMap":{"0":{"loc":{"start":{"line":7,"column":12},"end":{"line":13,"column":null}},"type":"if","locations":[{"start":{"line":7,"column":12},"end":{"line":13,"column":null}},{"start":{},"end":{}}],"line":7},"1":{"loc":{"start":{"line":10,"column":16},"end":{"line":12,"column":null}},"type":"if","locations":[{"start":{"line":10,"column":16},"end":{"line":12,"column":null}},{"start":{},"end":{}}],"line":10},"2":{"loc":{"start":{"line":10,"column":20},"end":{"line":10,"column":72}},"type":"binary-expr","locations":[{"start":{"line":10,"column":20},"end":{"line":10,"column":30}},{"start":{"line":10,"column":34},"end":{"line":10,"column":44}},{"start":{"line":10,"column":48},"end":{"line":10,"column":58}},{"start":{"line":10,"column":62},"end":{"line":10,"column":72}}],"line":10}},"s":{"0":286,"1":286,"2":6292,"3":286,"4":805,"5":2428,"6":1120,"7":1120,"8":1120,"9":1120,"10":52,"11":52},"f":{"0":286,"1":6292,"2":805,"3":2428},"b":{"0":[1120,1308],"1":[1120,0],"2":[1120,1120,1120,1120]},"meta":{"lastBranch":3,"lastFunction":4,"lastStatement":12,"seen":{"f:1:9:1:23":0,"s:2:45:2:51":0,"s:3:24:3:52":1,"f:3:33:3:36":1,"s:3:40:3:51":2,"s:5:4:15:Infinity":3,"f:5:31:5:32":2,"s:6:8:14:Infinity":4,"f:6:20:6:21":3,"b:7:12:13:Infinity:undefined:undefined:undefined:undefined":0,"s:7:12:13:Infinity":5,"s:8:30:8:44":6,"s:9:30:9:44":7,"b:10:16:12:Infinity:undefined:undefined:undefined:undefined":1,"s:10:16:12:Infinity":8,"b:10:20:10:30:10:34:10:44:10:48:10:58:10:62:10:72":2,"s:11:20:11:Infinity":9,"s:17:4:17:Infinity":10,"s:20:0:20:Infinity":11}}}
}
