{"/home/madegryc/Documents/red-tetris/client/src/App.jsx": {"path":"/home/madegryc/Documents/red-tetris/client/src/App.jsx","statementMap":{"0":{"start":{"line":7,"column":6},"end":{"line":11,"column":null}},"1":{"start":{"line":17,"column":2},"end":{"line":28,"column":null}}},"fnMap":{"0":{"name":"App","decl":{"start":{"line":15,"column":9},"end":{"line":15,"column":15}},"loc":{"start":{"line":15,"column":15},"end":{"line":30,"column":null}},"line":15}},"branchMap":{},"s":{"0":1,"1":2},"f":{"0":2},"b":{},"meta":{"lastBranch":0,"lastFunction":1,"lastStatement":2,"seen":{"s:7:6:11:Infinity":0,"f:15:9:15:15":0,"s:17:2:28:Infinity":1}}}
,"/home/madegryc/Documents/red-tetris/client/src/components/gameInfo/GameInfo.jsx": {"path":"/home/madegryc/Documents/red-tetris/client/src/components/gameInfo/GameInfo.jsx","statementMap":{"0":{"start":{"line":3,"column":17},"end":{"line":38,"column":null}},"1":{"start":{"line":4,"column":4},"end":{"line":36,"column":null}},"2":{"start":{"line":8,"column":20},"end":{"line":15,"column":null}},"3":{"start":{"line":10,"column":28},"end":{"line":13,"column":null}}},"fnMap":{"0":{"name":"(anonymous_0)","decl":{"start":{"line":3,"column":17},"end":{"line":3,"column":18}},"loc":{"start":{"line":3,"column":87},"end":{"line":38,"column":null}},"line":3},"1":{"name":"(anonymous_1)","decl":{"start":{"line":7,"column":50},"end":{"line":7,"column":51}},"loc":{"start":{"line":8,"column":20},"end":{"line":15,"column":null}},"line":8},"2":{"name":"(anonymous_2)","decl":{"start":{"line":9,"column":33},"end":{"line":9,"column":34}},"loc":{"start":{"line":10,"column":28},"end":{"line":13,"column":null}},"line":10}},"branchMap":{"0":{"loc":{"start":{"line":7,"column":17},"end":{"line":16,"column":null}},"type":"binary-expr","locations":[{"start":{"line":7,"column":17},"end":{"line":7,"column":30}},{"start":{"line":7,"column":30},"end":{"line":16,"column":null}}],"line":7},"1":{"loc":{"start":{"line":12,"column":51},"end":{"line":12,"column":71}},"type":"cond-expr","locations":[{"start":{"line":12,"column":58},"end":{"line":12,"column":69}},{"start":{"line":12,"column":69},"end":{"line":12,"column":71}}],"line":12},"2":{"loc":{"start":{"line":31,"column":13},"end":{"line":34,"column":null}},"type":"binary-expr","locations":[{"start":{"line":31,"column":13},"end":{"line":31,"column":null}},{"start":{"line":32,"column":12},"end":{"line":34,"column":null}}],"line":31},"3":{"loc":{"start":{"line":33,"column":20},"end":{"line":33,"column":37}},"type":"binary-expr","locations":[{"start":{"line":33,"column":20},"end":{"line":33,"column":34}},{"start":{"line":33,"column":34},"end":{"line":33,"column":37}}],"line":33}},"s":{"0":2,"1":8,"2":9,"3":33},"f":{"0":8,"1":9,"2":33},"b":{"0":[8,7],"1":[28,5],"2":[8,0],"3":[0,0]},"meta":{"lastBranch":4,"lastFunction":3,"lastStatement":4,"seen":{"s:3:17:38:Infinity":0,"f:3:17:3:18":0,"s:4:4:36:Infinity":1,"b:7:17:7:30:7:30:16:Infinity":0,"f:7:50:7:51":1,"s:8:20:15:Infinity":2,"f:9:33:9:34":2,"s:10:28:13:Infinity":3,"b:12:58:12:69:12:69:12:71":1,"b:31:13:31:Infinity:32:12:34:Infinity":2,"b:33:20:33:34:33:34:33:37":3}}}
,"/home/madegryc/Documents/red-tetris/client/src/components/gameOverMulti/gameOverMulti.jsx": {"path":"/home/madegryc/Documents/red-tetris/client/src/components/gameOverMulti/gameOverMulti.jsx","statementMap":{"0":{"start":{"line":4,"column":22},"end":{"line":61,"column":null}},"1":{"start":{"line":5,"column":10},"end":{"line":5,"column":null}},"2":{"start":{"line":7,"column":26},"end":{"line":9,"column":null}},"3":{"start":{"line":8,"column":37},"end":{"line":8,"column":74}},"4":{"start":{"line":11,"column":30},"end":{"line":11,"column":null}},"5":{"start":{"line":11,"column":64},"end":{"line":11,"column":90}},"6":{"start":{"line":13,"column":4},"end":{"line":59,"column":null}},"7":{"start":{"line":27,"column":32},"end":{"line":46,"column":null}},"8":{"start":{"line":52,"column":28},"end":{"line":52,"column":null}}},"fnMap":{"0":{"name":"(anonymous_0)","decl":{"start":{"line":4,"column":22},"end":{"line":4,"column":23}},"loc":{"start":{"line":4,"column":97},"end":{"line":61,"column":null}},"line":4},"1":{"name":"(anonymous_1)","decl":{"start":{"line":8,"column":33},"end":{"line":8,"column":34}},"loc":{"start":{"line":8,"column":37},"end":{"line":8,"column":74}},"line":8},"2":{"name":"(anonymous_2)","decl":{"start":{"line":11,"column":54},"end":{"line":11,"column":64}},"loc":{"start":{"line":11,"column":64},"end":{"line":11,"column":90}},"line":11},"3":{"name":"(anonymous_3)","decl":{"start":{"line":26,"column":47},"end":{"line":26,"column":48}},"loc":{"start":{"line":27,"column":32},"end":{"line":46,"column":null}},"line":27},"4":{"name":"(anonymous_4)","decl":{"start":{"line":51,"column":38},"end":{"line":51,"column":44}},"loc":{"start":{"line":51,"column":44},"end":{"line":53,"column":27}},"line":51}},"branchMap":{"0":{"loc":{"start":{"line":7,"column":26},"end":{"line":9,"column":null}},"type":"cond-expr","locations":[{"start":{"line":8,"column":10},"end":{"line":8,"column":null}},{"start":{"line":9,"column":10},"end":{"line":9,"column":null}}],"line":7},"1":{"loc":{"start":{"line":8,"column":44},"end":{"line":8,"column":61}},"type":"binary-expr","locations":[{"start":{"line":8,"column":44},"end":{"line":8,"column":55}},{"start":{"line":8,"column":55},"end":{"line":8,"column":61}}],"line":8},"2":{"loc":{"start":{"line":8,"column":61},"end":{"line":8,"column":74}},"type":"binary-expr","locations":[{"start":{"line":8,"column":61},"end":{"line":8,"column":72}},{"start":{"line":8,"column":72},"end":{"line":8,"column":74}}],"line":8},"3":{"loc":{"start":{"line":30,"column":40},"end":{"line":30,"column":null}},"type":"cond-expr","locations":[{"start":{"line":30,"column":69},"end":{"line":30,"column":88}},{"start":{"line":30,"column":88},"end":{"line":30,"column":null}}],"line":30},"4":{"loc":{"start":{"line":32,"column":40},"end":{"line":32,"column":null}},"type":"cond-expr","locations":[{"start":{"line":32,"column":54},"end":{"line":32,"column":65}},{"start":{"line":32,"column":65},"end":{"line":32,"column":null}}],"line":32},"5":{"loc":{"start":{"line":36,"column":41},"end":{"line":36,"column":null}},"type":"cond-expr","locations":[{"start":{"line":36,"column":55},"end":{"line":36,"column":62}},{"start":{"line":36,"column":62},"end":{"line":36,"column":null}}],"line":36},"6":{"loc":{"start":{"line":40,"column":72},"end":{"line":40,"column":90}},"type":"binary-expr","locations":[{"start":{"line":40,"column":72},"end":{"line":40,"column":88}},{"start":{"line":40,"column":88},"end":{"line":40,"column":90}}],"line":40},"7":{"loc":{"start":{"line":43,"column":53},"end":{"line":43,"column":71}},"type":"binary-expr","locations":[{"start":{"line":43,"column":53},"end":{"line":43,"column":69}},{"start":{"line":43,"column":69},"end":{"line":43,"column":71}}],"line":43},"8":{"loc":{"start":{"line":44,"column":47},"end":{"line":44,"column":79}},"type":"binary-expr","locations":[{"start":{"line":44,"column":47},"end":{"line":44,"column":77}},{"start":{"line":44,"column":77},"end":{"line":44,"column":79}}],"line":44},"9":{"loc":{"start":{"line":28,"column":41},"end":{"line":28,"column":null}},"type":"binary-expr","locations":[{"start":{"line":28,"column":41},"end":{"line":28,"column":54}},{"start":{"line":28,"column":54},"end":{"line":28,"column":null}}],"line":28}},"s":{"0":2,"1":12,"2":12,"3":20,"4":12,"5":19,"6":12,"7":30,"8":1},"f":{"0":12,"1":20,"2":19,"3":30,"4":1},"b":{"0":[11,1],"1":[20,0],"2":[20,0],"3":[10,20],"4":[10,20],"5":[10,20],"6":[30,0],"7":[30,0],"8":[30,0],"9":[30,0]},"meta":{"lastBranch":10,"lastFunction":5,"lastStatement":9,"seen":{"s:4:22:61:Infinity":0,"f:4:22:4:23":0,"s:5:10:5:Infinity":1,"s:7:26:9:Infinity":2,"b:8:10:8:Infinity:9:10:9:Infinity":0,"f:8:33:8:34":1,"s:8:37:8:74":3,"b:8:44:8:55:8:55:8:61":1,"b:8:61:8:72:8:72:8:74":2,"s:11:30:11:Infinity":4,"f:11:54:11:64":2,"s:11:64:11:90":5,"s:13:4:59:Infinity":6,"f:26:47:26:48":3,"s:27:32:46:Infinity":7,"b:30:69:30:88:30:88:30:Infinity":3,"b:32:54:32:65:32:65:32:Infinity":4,"b:36:55:36:62:36:62:36:Infinity":5,"b:40:72:40:88:40:88:40:90":6,"b:43:53:43:69:43:69:43:71":7,"b:44:47:44:77:44:77:44:79":8,"b:28:41:28:54:28:54:28:Infinity":9,"f:51:38:51:44":4,"s:52:28:52:Infinity":8}}}
,"/home/madegryc/Documents/red-tetris/client/src/components/gameOverSolo/gameOverSolo.jsx": {"path":"/home/madegryc/Documents/red-tetris/client/src/components/gameOverSolo/gameOverSolo.jsx","statementMap":{"0":{"start":{"line":4,"column":21},"end":{"line":28,"column":null}},"1":{"start":{"line":5,"column":4},"end":{"line":26,"column":null}}},"fnMap":{"0":{"name":"(anonymous_0)","decl":{"start":{"line":4,"column":21},"end":{"line":4,"column":22}},"loc":{"start":{"line":4,"column":79},"end":{"line":28,"column":null}},"line":4}},"branchMap":{},"s":{"0":2,"1":9},"f":{"0":9},"b":{},"meta":{"lastBranch":0,"lastFunction":1,"lastStatement":2,"seen":{"s:4:21:28:Infinity":0,"f:4:21:4:22":0,"s:5:4:26:Infinity":1}}}
,"/home/madegryc/Documents/red-tetris/client/src/components/gridBackground/gridBackground.jsx": {"path":"/home/madegryc/Documents/red-tetris/client/src/components/gridBackground/gridBackground.jsx","statementMap":{"0":{"start":{"line":4,"column":23},"end":{"line":32,"column":null}},"1":{"start":{"line":5,"column":2},"end":{"line":23,"column":null}},"2":{"start":{"line":6,"column":18},"end":{"line":6,"column":null}},"3":{"start":{"line":8,"column":4},"end":{"line":16,"column":null}},"4":{"start":{"line":9,"column":6},"end":{"line":15,"column":null}},"5":{"start":{"line":10,"column":8},"end":{"line":10,"column":null}},"6":{"start":{"line":11,"column":8},"end":{"line":14,"column":null}},"7":{"start":{"line":12,"column":12},"end":{"line":12,"column":null}},"8":{"start":{"line":18,"column":4},"end":{"line":22,"column":null}},"9":{"start":{"line":19,"column":6},"end":{"line":21,"column":null}},"10":{"start":{"line":20,"column":8},"end":{"line":20,"column":null}},"11":{"start":{"line":25,"column":4},"end":{"line":30,"column":null}},"12":{"start":{"line":28,"column":12},"end":{"line":28,"column":null}}},"fnMap":{"0":{"name":"(anonymous_0)","decl":{"start":{"line":4,"column":23},"end":{"line":4,"column":29}},"loc":{"start":{"line":4,"column":29},"end":{"line":32,"column":null}},"line":4},"1":{"name":"(anonymous_1)","decl":{"start":{"line":5,"column":12},"end":{"line":5,"column":18}},"loc":{"start":{"line":5,"column":18},"end":{"line":23,"column":7}},"line":5},"2":{"name":"(anonymous_2)","decl":{"start":{"line":8,"column":18},"end":{"line":8,"column":19}},"loc":{"start":{"line":8,"column":28},"end":{"line":16,"column":5}},"line":8},"3":{"name":"(anonymous_3)","decl":{"start":{"line":9,"column":41},"end":{"line":9,"column":47}},"loc":{"start":{"line":9,"column":47},"end":{"line":15,"column":7}},"line":9},"4":{"name":"(anonymous_4)","decl":{"start":{"line":11,"column":19},"end":{"line":11,"column":25}},"loc":{"start":{"line":11,"column":25},"end":{"line":13,"column":null}},"line":11},"5":{"name":"(anonymous_5)","decl":{"start":{"line":18,"column":11},"end":{"line":18,"column":17}},"loc":{"start":{"line":18,"column":17},"end":{"line":22,"column":null}},"line":18},"6":{"name":"(anonymous_6)","decl":{"start":{"line":19,"column":20},"end":{"line":19,"column":21}},"loc":{"start":{"line":19,"column":30},"end":{"line":21,"column":7}},"line":19},"7":{"name":"(anonymous_7)","decl":{"start":{"line":20,"column":46},"end":{"line":20,"column":52}},"loc":{"start":{"line":20,"column":52},"end":{"line":20,"column":54}},"line":20},"8":{"name":"(anonymous_8)","decl":{"start":{"line":27,"column":47},"end":{"line":27,"column":48}},"loc":{"start":{"line":28,"column":12},"end":{"line":28,"column":null}},"line":28}},"branchMap":{},"s":{"0":4,"1":24,"2":24,"3":24,"4":4800,"5":0,"6":0,"7":0,"8":24,"9":24,"10":4800,"11":24,"12":4800},"f":{"0":24,"1":24,"2":4800,"3":0,"4":0,"5":24,"6":4800,"7":0,"8":4800},"b":{},"meta":{"lastBranch":0,"lastFunction":9,"lastStatement":13,"seen":{"s:4:23:32:Infinity":0,"f:4:23:4:29":0,"s:5:2:23:Infinity":1,"f:5:12:5:18":1,"s:6:18:6:Infinity":2,"s:8:4:16:Infinity":3,"f:8:18:8:19":2,"s:9:6:15:Infinity":4,"f:9:41:9:47":3,"s:10:8:10:Infinity":5,"s:11:8:14:Infinity":6,"f:11:19:11:25":4,"s:12:12:12:Infinity":7,"s:18:4:22:Infinity":8,"f:18:11:18:17":5,"s:19:6:21:Infinity":9,"f:19:20:19:21":6,"s:20:8:20:Infinity":10,"f:20:46:20:52":7,"s:25:4:30:Infinity":11,"f:27:47:27:48":8,"s:28:12:28:Infinity":12}}}
,"/home/madegryc/Documents/red-tetris/client/src/components/levelUpAnimation/LevelUpAnimation.jsx": {"path":"/home/madegryc/Documents/red-tetris/client/src/components/levelUpAnimation/LevelUpAnimation.jsx","statementMap":{"0":{"start":{"line":3,"column":25},"end":{"line":19,"column":null}},"1":{"start":{"line":4,"column":4},"end":{"line":4,"column":null}},"2":{"start":{"line":4,"column":15},"end":{"line":4,"column":null}},"3":{"start":{"line":6,"column":4},"end":{"line":17,"column":null}}},"fnMap":{"0":{"name":"(anonymous_0)","decl":{"start":{"line":3,"column":25},"end":{"line":3,"column":26}},"loc":{"start":{"line":3,"column":46},"end":{"line":19,"column":null}},"line":3}},"branchMap":{"0":{"loc":{"start":{"line":4,"column":4},"end":{"line":4,"column":null}},"type":"if","locations":[{"start":{"line":4,"column":4},"end":{"line":4,"column":null}},{"start":{},"end":{}}],"line":4}},"s":{"0":2,"1":7,"2":1,"3":6},"f":{"0":7},"b":{"0":[1,6]},"meta":{"lastBranch":1,"lastFunction":1,"lastStatement":4,"seen":{"s:3:25:19:Infinity":0,"f:3:25:3:26":0,"b:4:4:4:Infinity:undefined:undefined:undefined:undefined":0,"s:4:4:4:Infinity":1,"s:4:15:4:Infinity":2,"s:6:4:17:Infinity":3}}}
,"/home/madegryc/Documents/red-tetris/client/src/components/particlesContainer/ParticlesContainer.jsx": {"path":"/home/madegryc/Documents/red-tetris/client/src/components/particlesContainer/ParticlesContainer.jsx","statementMap":{"0":{"start":{"line":3,"column":27},"end":{"line":21,"column":null}},"1":{"start":{"line":4,"column":4},"end":{"line":4,"column":null}},"2":{"start":{"line":4,"column":46},"end":{"line":4,"column":null}},"3":{"start":{"line":6,"column":4},"end":{"line":19,"column":null}},"4":{"start":{"line":9,"column":16},"end":{"line":17,"column":null}}},"fnMap":{"0":{"name":"(anonymous_0)","decl":{"start":{"line":3,"column":27},"end":{"line":3,"column":28}},"loc":{"start":{"line":3,"column":46},"end":{"line":21,"column":null}},"line":3},"1":{"name":"(anonymous_1)","decl":{"start":{"line":8,"column":27},"end":{"line":8,"column":null}},"loc":{"start":{"line":9,"column":16},"end":{"line":17,"column":null}},"line":9}},"branchMap":{"0":{"loc":{"start":{"line":4,"column":4},"end":{"line":4,"column":null}},"type":"if","locations":[{"start":{"line":4,"column":4},"end":{"line":4,"column":null}},{"start":{},"end":{}}],"line":4},"1":{"loc":{"start":{"line":4,"column":8},"end":{"line":4,"column":46}},"type":"binary-expr","locations":[{"start":{"line":4,"column":8},"end":{"line":4,"column":22}},{"start":{"line":4,"column":22},"end":{"line":4,"column":46}}],"line":4},"2":{"loc":{"start":{"line":15,"column":43},"end":{"line":15,"column":62}},"type":"binary-expr","locations":[{"start":{"line":15,"column":43},"end":{"line":15,"column":61}},{"start":{"line":15,"column":61},"end":{"line":15,"column":62}}],"line":15}},"s":{"0":3,"1":17,"2":12,"3":5,"4":8},"f":{"0":17,"1":8},"b":{"0":[12,5],"1":[17,15],"2":[8,7]},"meta":{"lastBranch":3,"lastFunction":2,"lastStatement":5,"seen":{"s:3:27:21:Infinity":0,"f:3:27:3:28":0,"b:4:4:4:Infinity:undefined:undefined:undefined:undefined":0,"s:4:4:4:Infinity":1,"b:4:8:4:22:4:22:4:46":1,"s:4:46:4:Infinity":2,"s:6:4:19:Infinity":3,"f:8:27:8:Infinity":1,"s:9:16:17:Infinity":4,"b:15:43:15:61:15:61:15:62":2}}}
,"/home/madegryc/Documents/red-tetris/client/src/components/tetrisGrid/TetrisGrid.jsx": {"path":"/home/madegryc/Documents/red-tetris/client/src/components/tetrisGrid/TetrisGrid.jsx","statementMap":{"0":{"start":{"line":5,"column":19},"end":{"line":33,"column":null}},"1":{"start":{"line":7,"column":4},"end":{"line":9,"column":null}},"2":{"start":{"line":8,"column":8},"end":{"line":8,"column":null}},"3":{"start":{"line":11,"column":4},"end":{"line":31,"column":null}},"4":{"start":{"line":19,"column":20},"end":{"line":26,"column":null}},"5":{"start":{"line":21,"column":28},"end":{"line":24,"column":null}}},"fnMap":{"0":{"name":"(anonymous_0)","decl":{"start":{"line":5,"column":19},"end":{"line":5,"column":20}},"loc":{"start":{"line":5,"column":73},"end":{"line":33,"column":null}},"line":5},"1":{"name":"(anonymous_1)","decl":{"start":{"line":7,"column":14},"end":{"line":7,"column":20}},"loc":{"start":{"line":7,"column":20},"end":{"line":9,"column":7}},"line":7},"2":{"name":"(anonymous_2)","decl":{"start":{"line":18,"column":42},"end":{"line":18,"column":43}},"loc":{"start":{"line":19,"column":20},"end":{"line":26,"column":null}},"line":19},"3":{"name":"(anonymous_3)","decl":{"start":{"line":20,"column":33},"end":{"line":20,"column":34}},"loc":{"start":{"line":21,"column":28},"end":{"line":24,"column":null}},"line":21}},"branchMap":{"0":{"loc":{"start":{"line":13,"column":36},"end":{"line":13,"column":60}},"type":"cond-expr","locations":[{"start":{"line":13,"column":48},"end":{"line":13,"column":58}},{"start":{"line":13,"column":58},"end":{"line":13,"column":60}}],"line":13},"1":{"loc":{"start":{"line":14,"column":53},"end":{"line":14,"column":80}},"type":"cond-expr","locations":[{"start":{"line":14,"column":66},"end":{"line":14,"column":78}},{"start":{"line":14,"column":78},"end":{"line":14,"column":80}}],"line":14}},"s":{"0":2,"1":10,"2":10,"3":10,"4":200,"5":2000},"f":{"0":10,"1":10,"2":200,"3":2000},"b":{"0":[1,9],"1":[2,8]},"meta":{"lastBranch":2,"lastFunction":4,"lastStatement":6,"seen":{"s:5:19:33:Infinity":0,"f:5:19:5:20":0,"s:7:4:9:Infinity":1,"f:7:14:7:20":1,"s:8:8:8:Infinity":2,"s:11:4:31:Infinity":3,"b:13:48:13:58:13:58:13:60":0,"b:14:66:14:78:14:78:14:80":1,"f:18:42:18:43":2,"s:19:20:26:Infinity":4,"f:20:33:20:34":3,"s:21:28:24:Infinity":5}}}
,"/home/madegryc/Documents/red-tetris/client/src/pages/IndexPage/IndexPage.jsx": {"path":"/home/madegryc/Documents/red-tetris/client/src/pages/IndexPage/IndexPage.jsx","statementMap":{"0":{"start":{"line":6,"column":18},"end":{"line":89,"column":null}},"1":{"start":{"line":7,"column":25},"end":{"line":29,"column":null}},"2":{"start":{"line":8,"column":20},"end":{"line":8,"column":null}},"3":{"start":{"line":9,"column":27},"end":{"line":9,"column":null}},"4":{"start":{"line":10,"column":23},"end":{"line":10,"column":null}},"5":{"start":{"line":12,"column":23},"end":{"line":28,"column":null}},"6":{"start":{"line":13,"column":8},"end":{"line":21,"column":null}},"7":{"start":{"line":16,"column":12},"end":{"line":18,"column":null}},"8":{"start":{"line":17,"column":14},"end":{"line":17,"column":null}},"9":{"start":{"line":19,"column":12},"end":{"line":19,"column":null}},"10":{"start":{"line":23,"column":8},"end":{"line":25,"column":null}},"11":{"start":{"line":24,"column":10},"end":{"line":24,"column":null}},"12":{"start":{"line":27,"column":8},"end":{"line":27,"column":null}},"13":{"start":{"line":31,"column":4},"end":{"line":49,"column":null}},"14":{"start":{"line":32,"column":25},"end":{"line":32,"column":null}},"15":{"start":{"line":33,"column":23},"end":{"line":33,"column":null}},"16":{"start":{"line":35,"column":6},"end":{"line":42,"column":null}},"17":{"start":{"line":36,"column":8},"end":{"line":36,"column":null}},"18":{"start":{"line":37,"column":24},"end":{"line":39,"column":null}},"19":{"start":{"line":38,"column":10},"end":{"line":38,"column":null}},"20":{"start":{"line":40,"column":8},"end":{"line":40,"column":null}},"21":{"start":{"line":41,"column":8},"end":{"line":41,"column":null}},"22":{"start":{"line":44,"column":6},"end":{"line":48,"column":null}},"23":{"start":{"line":45,"column":8},"end":{"line":47,"column":null}},"24":{"start":{"line":46,"column":10},"end":{"line":46,"column":null}},"25":{"start":{"line":51,"column":2},"end":{"line":87,"column":null}}},"fnMap":{"0":{"name":"(anonymous_0)","decl":{"start":{"line":6,"column":18},"end":{"line":6,"column":24}},"loc":{"start":{"line":6,"column":24},"end":{"line":89,"column":null}},"line":6},"1":{"name":"(anonymous_1)","decl":{"start":{"line":7,"column":25},"end":{"line":7,"column":26}},"loc":{"start":{"line":7,"column":38},"end":{"line":29,"column":null}},"line":7},"2":{"name":"(anonymous_2)","decl":{"start":{"line":12,"column":35},"end":{"line":12,"column":41}},"loc":{"start":{"line":12,"column":41},"end":{"line":28,"column":9}},"line":12},"3":{"name":"(anonymous_3)","decl":{"start":{"line":15,"column":15},"end":{"line":15,"column":16}},"loc":{"start":{"line":15,"column":34},"end":{"line":20,"column":11}},"line":15},"4":{"name":"(anonymous_4)","decl":{"start":{"line":31,"column":14},"end":{"line":31,"column":20}},"loc":{"start":{"line":31,"column":20},"end":{"line":49,"column":7}},"line":31},"5":{"name":"(anonymous_5)","decl":{"start":{"line":35,"column":25},"end":{"line":35,"column":35}},"loc":{"start":{"line":35,"column":35},"end":{"line":42,"column":7}},"line":35},"6":{"name":"(anonymous_6)","decl":{"start":{"line":37,"column":24},"end":{"line":37,"column":30}},"loc":{"start":{"line":37,"column":30},"end":{"line":39,"column":null}},"line":37},"7":{"name":"(anonymous_7)","decl":{"start":{"line":44,"column":13},"end":{"line":44,"column":19}},"loc":{"start":{"line":44,"column":19},"end":{"line":48,"column":null}},"line":44},"8":{"name":"(anonymous_8)","decl":{"start":{"line":45,"column":25},"end":{"line":45,"column":26}},"loc":{"start":{"line":45,"column":50},"end":{"line":47,"column":9}},"line":45}},"branchMap":{"0":{"loc":{"start":{"line":16,"column":12},"end":{"line":18,"column":null}},"type":"if","locations":[{"start":{"line":16,"column":12},"end":{"line":18,"column":null}},{"start":{},"end":{}}],"line":16},"1":{"loc":{"start":{"line":23,"column":8},"end":{"line":25,"column":null}},"type":"if","locations":[{"start":{"line":23,"column":8},"end":{"line":25,"column":null}},{"start":{},"end":{}}],"line":23}},"s":{"0":2,"1":14,"2":1,"3":1,"4":1,"5":1,"6":13,"7":156,"8":78,"9":78,"10":13,"11":1,"12":13,"13":14,"14":14,"15":14,"16":14,"17":28,"18":28,"19":1,"20":28,"21":28,"22":14,"23":14,"24":28,"25":14},"f":{"0":14,"1":1,"2":13,"3":156,"4":14,"5":28,"6":1,"7":14,"8":28},"b":{"0":[78,78],"1":[1,12]},"meta":{"lastBranch":2,"lastFunction":9,"lastStatement":26,"seen":{"s:6:18:89:Infinity":0,"f:6:18:6:24":0,"s:7:25:29:Infinity":1,"f:7:25:7:26":1,"s:8:20:8:Infinity":2,"s:9:27:9:Infinity":3,"s:10:23:10:Infinity":4,"s:12:23:28:Infinity":5,"f:12:35:12:41":2,"s:13:8:21:Infinity":6,"f:15:15:15:16":3,"b:16:12:18:Infinity:undefined:undefined:undefined:undefined":0,"s:16:12:18:Infinity":7,"s:17:14:17:Infinity":8,"s:19:12:19:Infinity":9,"b:23:8:25:Infinity:undefined:undefined:undefined:undefined":1,"s:23:8:25:Infinity":10,"s:24:10:24:Infinity":11,"s:27:8:27:Infinity":12,"s:31:4:49:Infinity":13,"f:31:14:31:20":4,"s:32:25:32:Infinity":14,"s:33:23:33:Infinity":15,"s:35:6:42:Infinity":16,"f:35:25:35:35":5,"s:36:8:36:Infinity":17,"s:37:24:39:Infinity":18,"f:37:24:37:30":6,"s:38:10:38:Infinity":19,"s:40:8:40:Infinity":20,"s:41:8:41:Infinity":21,"s:44:6:48:Infinity":22,"f:44:13:44:19":7,"s:45:8:47:Infinity":23,"f:45:25:45:26":8,"s:46:10:46:Infinity":24,"s:51:2:87:Infinity":25}}}
,"/home/madegryc/Documents/red-tetris/client/src/pages/noFound/noFound.jsx": {"path":"/home/madegryc/Documents/red-tetris/client/src/pages/noFound/noFound.jsx","statementMap":{"0":{"start":{"line":7,"column":2},"end":{"line":17,"column":null}}},"fnMap":{"0":{"name":"NotFound","decl":{"start":{"line":6,"column":9},"end":{"line":6,"column":20}},"loc":{"start":{"line":6,"column":20},"end":{"line":19,"column":null}},"line":6}},"branchMap":{},"s":{"0":6},"f":{"0":6},"b":{},"meta":{"lastBranch":0,"lastFunction":1,"lastStatement":1,"seen":{"f:6:9:6:20":0,"s:7:2:17:Infinity":0}}}
}
